INFO:2025-05-15 19:32:49
INFO:Downloading image from Cloud
INFO:Image uploaded: 1923069070951219200
INFO:Tweet posted: Recorte de propaganda comercial de la bebida Pepsi-Cola, del semanario popular: Avance. Editado por: Imprenta de La Academia, 1949-1949.  📅 Publicado originalmente el 20 de diciembre de 1949.  📚 Fuente: Biblioteca Nacional de Panamá.
INFO:Not posted: 59, posted: 4
INFO:Updated JSON file saved.
INFO:2025-05-15 19:33:14
INFO:Downloading image from Cloud
INFO:Image uploaded: 1923069176664543232
INFO:Tweet posted: Recorte de propaganda comercial de la bebida Pepsi-Cola, del semanario popular: Avance. Editado por: Imprenta de La Academia, 1949-1949.  📅 Publicado originalmente el 20 de diciembre de 1949.  📚 Fuente: Biblioteca Nacional de Panamá.
INFO:Not posted: 59, posted: 4
INFO:Updated JSON file saved.
INFO:2025-05-15 19:51:15
INFO:Downloading image from Cloud
INFO:Image uploaded: 1923073708735787008
INFO:2025-05-15 19:51:26
INFO:Downloading image from Cloud
INFO:Image uploaded: 1923073753501556736
INFO:Tweet posted: 🧳 Recorte de propaganda comercial de la bebida Pepsi-Cola, del semanario popular: Avance. Editado por: Imprenta de La Academia, 1949-1949.

📅 Publicado el 20 de diciembre de 1949📚 Fuente: Biblioteca Nacional de Panamá
 #MemoriaDigital
INFO:Not posted: 59, posted: 4
INFO:Updated JSON file saved.
INFO:2025-05-15 19:52:11
INFO:Downloading image from Cloud
INFO:Image uploaded: 1923073944157859840
INFO:2025-05-15 19:52:40
INFO:Downloading image from Cloud
INFO:Image uploaded: 1923074065465495552
INFO:2025-05-15 19:53:28
INFO:Downloading image from Cloud
INFO:Image uploaded: 1923074268616650753
INFO:Tweet posted: 📸 Recorte de propaganda comercial de la bebida Pepsi-Cola, del semanario popular: Avance. Editado por: Imprenta de La Academia, 1949-1949.

📅 Publicado el 20 de diciembre de 1949📚 Fuente: Biblioteca Nacional de Panamá
 #HistoriaViva
INFO:Not posted: 59, posted: 4
INFO:Updated JSON file saved.
INFO:2025-05-15 19:54:20
INFO:Downloading image from Cloud
INFO:Image uploaded: 1923074486166753280
INFO:2025-05-15 20:00:28
INFO:Downloading image from Cloud
INFO:Image uploaded: 1923076030052364288
INFO:Tweet posted: 🏛️ Recorte de propaganda comercial de la bebida Pepsi-Cola, del semanario popular: Avance. Editado por: Imprenta de La Academia, 1949-1949.

🕰️ Publicado el 20 de diciembre de 1949📚 Fuente: Biblioteca Nacional de Panamá

INFO:Not posted: 59, posted: 3
INFO:Updated JSON file saved.
INFO:2025-05-15 20:01:22
INFO:Downloading image from Cloud
INFO:Image uploaded: 1923076254640525312
INFO:Tweet posted: 📸 Recorte de propaganda comercial de la bebida Pepsi-Cola, del semanario popular: Avance. Editado por: Imprenta de La Academia, 1949-1949.
🕰️ Publicado el 20 de diciembre de 1949
🌴 Fuente: Biblioteca Nacional de Panamá
 #HistoriaViva
INFO:Not posted: 59, posted: 3
INFO:Updated JSON file saved.
INFO:2025-05-16 19:19:48
INFO:Downloading image from Cloud
INFO:Image uploaded: 1923428180578258944
INFO:Tweet posted: 👀 Recorte de propaganda comercial de la bebida Pepsi-Cola, del semanario popular: Avance. Editado por: Imprenta de La Academia, 1949-1949.
🗓️ Publicado el 20 de diciembre de 1949
🏷️ Fuente: Biblioteca Nacional de Panamá

INFO:Not posted: 59, posted: 3
INFO:Updated JSON file saved.
INFO:2025-05-17 18:19:03
ERROR:Locale 'es_ES.UTF-8' not available. Using default locale.
INFO:Downloading image from Cloud
INFO:Image uploaded: 1923805480805122048
INFO:Tweet posted: 📸 Portada de la tesis de licenciatura del estudiante Jose Raul Mulino, titulada: El salario en la legislación laboral panameña.
📅 Publicado el 1 de octubre de 1982
🖋️ Fuente: Biblioteca Nacional de Panamá

INFO:Not posted: 58, posted: 4
INFO:Updated JSON file saved.
INFO:2025-05-18 18:19:06
ERROR:Locale 'es_ES.UTF-8' not available. Using default locale.
INFO:Downloading image from Cloud
INFO:Image uploaded: 1924167880272134145
INFO:Tweet posted: 📸 Servicios fúnebres en páginas del semanario quincenal: El Obrero, el Órgano de Propaganda y Orientación de la Federación Obrera de la República de Panamá.
📅 Publicado el 25 de febrero de 1922
⛲️ Fuente: Biblioteca Nacional de Panamá

INFO:Not posted: 57, posted: 5
INFO:Updated JSON file saved.
INFO:
***** ***** ***** 2025-05-19 18:21:15 ***** ***** *****
INFO:Downloading image from Cloud..
INFO:✅ Image uploaded successfully.
INFO:Tweet posted: 💾 Diario Aprendo. Promoción de juegos de mesa, para las vacaciones del año 2000, a página completa.
⌛️ Publicado el 2 de enero de 2000
🗃️ Fuente: Biblioteca Nacional de Panamá

INFO:💾 Not posted: 56, posted: 6
INFO:✅ Updated JSON file saved.
INFO:
***** ***** ***** 2025-05-20 21:13:55 ***** ***** *****
INFO:Downloading image from Cloud..
INFO:✅ Image uploaded successfully.
INFO:Tweet posted: 🏛️ Anuncio de salidas de los barcos desde Colon hacia distintas partes del mundo en una pagina del diario El Tiempo, comercial, noticioso y de variedades. Director: Rafael de la Espriella.
🕰️ Publicado el 14 de agosto de 1912
🗃️ Fuente: Biblioteca Nacional de Panamá

INFO:💾 Not posted: 55, posted: 7
INFO:✅ Updated JSON file saved.
INFO:
***** ***** ***** 2025-05-21 18:21:24 ***** ***** *****
INFO:Downloading image from Cloud..
INFO:✅ Image uploaded successfully.
INFO:Tweet posted: 📜 Anuncios comerciales en la revista quincenal El Sol de Azuero, editada en la ciudad de Chitré, Herrera. Editora: Impresora Panamá, 1962-1967.
🗓️ Publicado el 7 de septiembre de 1963
🖋️ Fuente: Biblioteca Nacional de Panamá
 #Hemeroteca
INFO:💾 Not posted: 54, posted: 8
INFO:✅ Updated JSON file saved.
INFO:
***** ***** ***** 2025-05-22 18:21:05 ***** ***** *****
INFO:Downloading image from Cloud..
INFO:✅ Image uploaded successfully.
INFO:Tweet posted: 🧳 Anuncio del refresco Orange Crush en la revista quincenal El Paladín, editado por Imprenta La Nación, 1946-1947.
🕰️ Publicado el 3 de enero de 1947
📚 Fuente: Biblioteca Nacional de Panamá
 #Hemeroteca
INFO:💾 Not posted: 53, posted: 9
INFO:✅ Updated JSON file saved.
INFO:
***** ***** ***** 2025-05-23 18:19:44 ***** ***** *****
INFO:Downloading image from Cloud..
INFO:✅ Image uploaded successfully.
INFO:Tweet posted: 💾 diario El Tiempo, comercial, noticioso y de variedades. Director: Rafael de la Espriella.
⌛️ Publicado el 14 de agosto de 1912
⛲️ Fuente: Biblioteca Nacional de Panamá
 #Hemeroteca
INFO:💾 Not posted: 52, posted: 10
INFO:✅ Updated JSON file saved.
INFO:
***** ***** ***** 2025-05-24 18:18:50 ***** ***** *****
INFO:Downloading image from Cloud..
INFO:✅ Image uploaded successfully.
INFO:Tweet posted: 💾 Anuncio del Banco Nacional en el semanario liberal: La prensa Ilustrada. Director: M. De J. Quijano. Editoral La Moderna.
⌛️ Publicado el 27 de junio de 1940
🏷️ Fuente: Biblioteca Nacional de Panamá
 #BibliotecaNacional
INFO:💾 Not posted: 51, posted: 11
INFO:✅ Updated JSON file saved.
INFO:
***** ***** ***** 2025-05-25 18:18:48 ***** ***** *****
INFO:Downloading image from Cloud..
INFO:✅ Image uploaded successfully.
INFO:Tweet posted: 💾 Anuncio de una cantina en La Chorrera, en la revista quincenal El Paladín, editado por Imprenta La Nación, 1946-1947.
🗓️ Publicado el 3 de enero de 1947
🖋️ Fuente: Biblioteca Nacional de Panamá
 #ArchivoPanamá
INFO:💾 Not posted: 50, posted: 12
INFO:✅ Updated JSON file saved.
INFO:
***** ***** ***** 2025-05-26 18:19:59 ***** ***** *****
INFO:Downloading image from Cloud..
INFO:✅ Image uploaded successfully.
INFO:Tweet posted: 📰 Propaganda estatal con el tema de la Reforma Agraria, impulsada en los 70s en la revista mensual Panamá nuevo, Jun-Jul. Editora: El Arte Tipográfico.
📅 Publicado el 1 de junio de 1972
🗃️ Fuente: Biblioteca Nacional de Panamá
 #PanamáAntiguo
INFO:💾 Not posted: 49, posted: 13
INFO:✅ Updated JSON file saved.
INFO:
***** ***** ***** 2025-05-27 18:20:21 ***** ***** *****
INFO:Downloading image from Cloud..
INFO:✅ Image uploaded successfully.
INFO:Tweet posted: 💾 Anuncio del Club Tierra Feliz en la revista quincenal El Paladín, editado por Imprenta La Nación, 1946-1947.
⌛️ Publicado el 3 de enero de 1947
🗃️ Fuente: Biblioteca Nacional de Panamá
 #MemoriaDigital
INFO:💾 Not posted: 48, posted: 14
INFO:✅ Updated JSON file saved.
INFO:
***** ***** ***** 2025-05-28 18:20:23 ***** ***** *****
INFO:Downloading image from Cloud..
INFO:✅ Image uploaded successfully.
INFO:Tweet posted: 🔍 Anuncio de un viaje en crucero, en la Revista mensual Panamá nuevo, Jun-Jul. Editora: El Arte Tipográfico.
⌛️ Publicado el 1 de junio de 1972
🗃️ Fuente: Biblioteca Nacional de Panamá

INFO:💾 Not posted: 47, posted: 15
INFO:✅ Updated JSON file saved.
INFO:
***** ***** ***** 2025-05-29 18:20:50 ***** ***** *****
INFO:Downloading image from Cloud..
INFO:✅ Image uploaded successfully.
INFO:Tweet posted: 🔍 Anuncio de la Tercera feria de Azuero en la revista quincenal El Sol de Azuero, editada en la ciudad de Chitré, Herrera. Editora: Impresora Panamá, 1962-1967.
📅 Publicado el 7 de septiembre de 1963
🖋️ Fuente: Biblioteca Nacional de Panamá

INFO:💾 Not posted: 46, posted: 16
INFO:✅ Updated JSON file saved.
INFO:
***** ***** ***** 2025-05-30 18:20:48 ***** ***** *****
INFO:Downloading image from Cloud..
INFO:✅ Image uploaded successfully.
INFO:Tweet posted: 🎞️ Anuncio de la Farmacia El Canal, en la fecha de inauguración del Canal de Panamá, en el diario El Tiempo, comercial, noticioso y de variedades. Director: Rafael de la Espriella.
🕰️ Publicado el 14 de agosto de 1912
🗃️ Fuente: Biblioteca Nacional de Panamá
 #CulturaPanameña
INFO:💾 Not posted: 45, posted: 17
INFO:✅ Updated JSON file saved.
INFO:
***** ***** ***** 2025-05-31 18:19:34 ***** ***** *****
INFO:Downloading image from Cloud..
INFO:✅ Image uploaded successfully.
INFO:Tweet posted: 📰 1938. Anuncios clasificados en el semanario liberal: La prensa Ilustrada. Director: M. De J. Quijano. Editoral La Moderna.
🗓️ Publicado el 28 de julio de 1938
🗃️ Fuente: Biblioteca Nacional de Panamá
 #PanamáAntiguo
INFO:💾 Not posted: 44, posted: 18
INFO:✅ Updated JSON file saved.
INFO:
***** ***** ***** 2025-06-01 18:19:36 ***** ***** *****
INFO:Downloading image from Cloud..
INFO:✅ Image uploaded successfully.
INFO:Tweet posted: 📰 Diario Aprendo. Sección: 'Pasa el dato' con datos interesantes y las panameñadas.
⌛️ Publicado el 26 de diciembre de 1999
🗃️ Fuente: Biblioteca Nacional de Panamá

INFO:💾 Not posted: 43, posted: 19
INFO:✅ Updated JSON file saved.
INFO:
***** ***** ***** 2025-06-02 18:21:22 ***** ***** *****
INFO:Downloading image from Cloud..
INFO:✅ Image uploaded successfully.
INFO:Tweet posted: 🧳 Diario Aprendo. Sección: 'La Galería' que publicaba dibujos de los lectores de la revista.
🕰️ Publicado el 26 de diciembre de 1999
🏷️ Fuente: Biblioteca Nacional de Panamá
 #PanamáAntiguo
INFO:💾 Not posted: 42, posted: 20
INFO:✅ Updated JSON file saved.
INFO:
***** ***** ***** 2025-06-03 18:21:55 ***** ***** *****
INFO:Downloading image from Cloud..
INFO:✅ Image uploaded successfully.
INFO:Tweet posted: 🧳 Diario Aprendo. Sección: de juegos, con motivos escolares, enmarcado por propaganda comercial.
📅 Publicado el 8 de marzo de 1998
🖋️ Fuente: Biblioteca Nacional de Panamá
 #PanamáAntiguo
INFO:💾 Not posted: 41, posted: 21
INFO:✅ Updated JSON file saved.
INFO:
***** ***** ***** 2025-06-04 18:21:29 ***** ***** *****
INFO:Downloading image from Cloud..
INFO:✅ Image uploaded successfully.
INFO:Tweet posted: 🎞️ Tienda de licores Canavaggio en Colón. Diario El Tiempo, comercial, noticioso y de variedades. Director: Rafael de la Espriella.
🔹 Hace un tiempo
🗃️ Fuente: Biblioteca Nacional de Panamá
 #ArchivoPanamá
INFO:💾 Not posted: 40, posted: 22
INFO:✅ Updated JSON file saved.
INFO:
***** ***** ***** 2025-06-05 18:53:30 ***** ***** *****
INFO:Downloading image from Cloud..
INFO:✅ Image uploaded successfully.
INFO:Tweet posted: 🗞️ Bordadora ofrece sus servicios en una de las páginas del semanario quincenal: El Obrero, el Órgano de Propaganda y Orientación de la Federación Obrera de la República de Panamá.
🕰️ Publicado el 25 de febrero de 1922
📚 Fuente: Biblioteca Nacional de Panamá
 #MemoriaDigital
INFO:💾 Not posted: 39, posted: 23
INFO:✅ Updated JSON file saved.
INFO:
***** ***** ***** 2025-06-06 18:21:34 ***** ***** *****
INFO:Downloading image from Cloud..
INFO:✅ Image uploaded successfully.
INFO:Tweet posted: 📸 Diario Aprendo. Sección: 'La Galería' que publicaba dibujos de los lectores de la revista.
🕰️ Publicado el 26 de diciembre de 1999
🖋️ Fuente: Biblioteca Nacional de Panamá
 #BibliotecaNacional
INFO:💾 Not posted: 38, posted: 24
INFO:✅ Updated JSON file saved.
INFO:
***** ***** ***** 2025-06-07 18:19:23 ***** ***** *****
INFO:Downloading image from Cloud..
INFO:✅ Image uploaded successfully.
INFO:Tweet posted: 🗞️ Anuncio de un Bar, en la ciudad de Colón. Diario El Tiempo, comercial, noticioso y de variedades. Director: Rafael de la Espriella.
🕰️ Publicado el 14 de agosto de 1912
🏷️ Fuente: Biblioteca Nacional de Panamá

INFO:💾 Not posted: 35, posted: 25
INFO:✅ Updated JSON file saved.
INFO:
***** ***** ***** 2025-06-08 18:19:03 ***** ***** *****
INFO:Downloading image from Cloud..
INFO:✅ Image uploaded successfully.
INFO:Tweet posted: 🧳 Lavandería y y tintorería El Sol. Revista quincenal El Paladín, editado por Imprenta La Nación, 1946-1947.
📅 Publicado el 3 de enero de 1947
⛲️ Fuente: Biblioteca Nacional de Panamá

INFO:💾 Not posted: 34, posted: 26
INFO:✅ Updated JSON file saved.
INFO:
***** ***** ***** 2025-06-09 18:22:16 ***** ***** *****
INFO:Downloading image from Cloud..
INFO:✅ Image uploaded successfully.
INFO:Tweet posted: 📸 Conclusió n de la tesis del actual presidente de Panamá , sobre el tema de los salarios.
⌛️ Publicado el 1 de octubre de 1982
🏷️ Fuente: Biblioteca Nacional de Panamá
 #HistoriaViva
INFO:💾 Not posted: 33, posted: 27
INFO:✅ Updated JSON file saved.
INFO:
***** ***** ***** 2025-06-10 18:21:23 ***** ***** *****
INFO:Downloading image from Cloud..
INFO:✅ Image uploaded successfully.
INFO:Tweet posted: 📜 Anuncio de remedio milagroso en el semanario liberal: La prensa Ilustrada. Director: M. De J. Quijano. Editoral La Moderna.
📅 Publicado el 28 de julio de 1938
🗃️ Fuente: Biblioteca Nacional de Panamá
 #MemoriaDigital
INFO:💾 Not posted: 32, posted: 28
INFO:✅ Updated JSON file saved.
INFO:
***** ***** ***** 2025-06-11 18:21:34 ***** ***** *****
INFO:Downloading image from Cloud..
INFO:✅ Image uploaded successfully.
INFO:Tweet posted: 🗞️ United Fruit Company anunciando los viajes de su línea de cruceros. Diario El Tiempo, comercial, noticioso y de variedades. Director: Rafael de la Espriella.
📅 Publicado el 14 de agosto de 1912
📚 Fuente: Biblioteca Nacional de Panamá

INFO:💾 Not posted: 31, posted: 29
INFO:✅ Updated JSON file saved.
INFO:
***** ***** ***** 2025-06-12 18:21:13 ***** ***** *****
INFO:Downloading image from Cloud..
INFO:✅ Image uploaded successfully.
INFO:Tweet posted: 🔍 Diario Aprendo. Sección: 'Bla-bla-bla' con comentarios y fotos de lectores de la revista.
🕰️ Publicado el 26 de diciembre de 1999
📚 Fuente: Biblioteca Nacional de Panamá

INFO:💾 Not posted: 30, posted: 30
INFO:✅ Updated JSON file saved.
INFO:
***** ***** ***** 2025-06-13 18:21:22 ***** ***** *****
INFO:Downloading image from Cloud..
INFO:✅ Image uploaded successfully.
INFO:Tweet posted: 💾 Recorte de propaganda comercial del semanario popular: Avance. Editado por: Imprenta de La Academia, 1949-1949.
📅 Publicado el 20 de diciembre de 1949
🖋️ Fuente: Biblioteca Nacional de Panamá

INFO:💾 Not posted: 29, posted: 31
INFO:✅ Updated JSON file saved.
INFO:
***** ***** ***** 2025-06-14 18:18:59 ***** ***** *****
INFO:Downloading image from Cloud..
INFO:✅ Image uploaded successfully.
INFO:Tweet posted: 📰 Anuncio del sorteo extraordinario de la Lotería Nacional, en la Revista mensual Panamá nuevo, Jun-Jul. Editora: El Arte Tipográfico.
🗓️ Publicado el 1 de junio de 1972
🌴 Fuente: Biblioteca Nacional de Panamá
 #MemoriaDigital
INFO:💾 Not posted: 28, posted: 32
INFO:✅ Updated JSON file saved.
INFO:
***** ***** ***** 2025-06-15 18:19:43 ***** ***** *****
INFO:Downloading image from Cloud..
INFO:✅ Image uploaded successfully.
INFO:Tweet posted: 🔍 Diario Aprendo. Sección: 'La Galería' que publicaba dibujos de los lectores de la revista.
⌛️ Publicado el 2 de enero de 2000
🖋️ Fuente: Biblioteca Nacional de Panamá
 #MemoriaDigital
INFO:💾 Not posted: 27, posted: 33
INFO:✅ Updated JSON file saved.
INFO:
***** ***** ***** 2025-06-16 18:21:52 ***** ***** *****
INFO:Downloading image from Cloud..
INFO:✅ Image uploaded successfully.
INFO:Tweet posted: 🔍 Anuncios variados en las páginas de la revista quincenal El Sol de Azuero, editada en la ciudad de Chitré, Herrera. Editora: Impresora Panamá, 1962-1967.
⌛️ Publicado el 7 de septiembre de 1963
📚 Fuente: Biblioteca Nacional de Panamá

INFO:💾 Not posted: 26, posted: 34
INFO:✅ Updated JSON file saved.
INFO:
***** ***** ***** 2025-06-17 18:21:56 ***** ***** *****
INFO:💾 Not posted: 26, posted: 34
INFO:✅ Updated JSON file saved.
INFO:
***** ***** ***** 2025-06-18 18:21:26 ***** ***** *****
INFO:Downloading image from Cloud..
INFO:✅ Image uploaded successfully.
INFO:Tweet posted: 🧳 Revista mensual Panamá nuevo, Jun-Jul. Editora: El Arte Tipográfico.
🗓️ Publicado el 1 de junio de 1972
🌴 Fuente: Biblioteca Nacional de Panamá

INFO:💾 Not posted: 25, posted: 35
INFO:✅ Updated JSON file saved.
INFO:
***** ***** ***** 2025-06-19 18:20:38 ***** ***** *****
INFO:Downloading image from Cloud..
INFO:✅ Image uploaded successfully.
INFO:Tweet posted: 📰 Diario Aprendo. Comercial a página completa de la programación de las tardes de TVN.
📅 Publicado el 26 de diciembre de 1999
🏷️ Fuente: Biblioteca Nacional de Panamá
 #PanamáAntiguo
INFO:💾 Not posted: 24, posted: 36
INFO:✅ Updated JSON file saved.
INFO:
***** ***** ***** 2025-06-20 18:20:51 ***** ***** *****
INFO:Downloading image from Cloud..
INFO:✅ Image uploaded successfully.
INFO:Tweet posted: 📜 Recorte de propaganda comercial del semanario popular: Avance. Editado por: Imprenta de La Academia, 1949-1949.
⌛️ Publicado el 20 de diciembre de 1949
🌴 Fuente: Biblioteca Nacional de Panamá
 #CulturaPanameña
INFO:💾 Not posted: 23, posted: 37
INFO:✅ Updated JSON file saved.
INFO:
***** ***** ***** 2025-06-21 18:19:12 ***** ***** *****
INFO:Downloading image from Cloud..
INFO:✅ Image uploaded successfully.
INFO:Tweet posted: 📜 Diario Aprendo. Sección: de juegos, con motivos escolares, enmarcado por propaganda comercial.
⌛️ Publicado el 8 de marzo de 1998
🖋️ Fuente: Biblioteca Nacional de Panamá
 #CulturaPanameña
INFO:💾 Not posted: 22, posted: 38
INFO:✅ Updated JSON file saved.
INFO:
***** ***** ***** 2025-06-22 18:19:41 ***** ***** *****
INFO:Downloading image from Cloud..
INFO:✅ Image uploaded successfully.
INFO:Tweet posted: 📰 diario El Tiempo, comercial, noticioso y de variedades. Director: Rafael de la Espriella.
⌛️ Publicado el 14 de agosto de 1912
🏷️ Fuente: Biblioteca Nacional de Panamá

INFO:💾 Not posted: 21, posted: 39
INFO:✅ Updated JSON file saved.
INFO:
***** ***** ***** 2025-06-23 18:22:02 ***** ***** *****
INFO:Downloading image from Cloud..
INFO:✅ Image uploaded successfully.
INFO:Tweet posted: 📜 Gráfico del empleo por sector a página completa en la revista mensual Panamá nuevo, Jun-Jul. Editora: El Arte Tipográfico.
🕰️ Publicado el 1 de junio de 1972
⛲️ Fuente: Biblioteca Nacional de Panamá
 #MemoriaDigital
INFO:💾 Not posted: 20, posted: 40
INFO:✅ Updated JSON file saved.
INFO:
***** ***** ***** 2025-06-24 18:21:40 ***** ***** *****
INFO:Downloading image from Cloud..
INFO:✅ Image uploaded successfully.
INFO:Tweet posted: 🗞️ Revista mensual Panamá nuevo, Jun-Jul. Editora: El Arte Tipográfico.
📅 Publicado el 1 de junio de 1972
🗃️ Fuente: Biblioteca Nacional de Panamá

INFO:💾 Not posted: 19, posted: 41
INFO:✅ Updated JSON file saved.
INFO:
***** ***** ***** 2025-06-25 18:22:14 ***** ***** *****
INFO:Downloading image from Cloud..
INFO:✅ Image uploaded successfully.
INFO:Tweet posted: 📸 Recorte de propaganda comercial del semanario popular: Avance. Editado por: Imprenta de La Academia, 1949-1949.
⌛️ Publicado el 20 de diciembre de 1949
🗃️ Fuente: Biblioteca Nacional de Panamá

INFO:💾 Not posted: 18, posted: 42
INFO:✅ Updated JSON file saved.
INFO:
***** ***** ***** 2025-06-26 18:22:12 ***** ***** *****
INFO:Downloading image from Cloud..
INFO:✅ Image uploaded successfully.
INFO:Tweet posted: 🏛️ Revista mensual Panamá nuevo, Jun-Jul. Editora: El Arte Tipográfico.
🕰️ Publicado el 1 de junio de 1972
📚 Fuente: Biblioteca Nacional de Panamá
 #PanamáAntiguo
INFO:💾 Not posted: 17, posted: 43
INFO:✅ Updated JSON file saved.
INFO:
***** ***** ***** 2025-06-27 18:21:16 ***** ***** *****
INFO:Downloading image from Cloud..
INFO:✅ Image uploaded successfully.
INFO:Tweet posted: 👀 Diario Aprendo. Gran estreno de la película Pokemon, el 7 de enero de 2000.
📅 Publicado el 2 de enero de 2000
📚 Fuente: Biblioteca Nacional de Panamá
 #HistoriaViva
INFO:💾 Not posted: 16, posted: 44
INFO:✅ Updated JSON file saved.
INFO:
***** ***** ***** 2025-06-28 18:19:42 ***** ***** *****
INFO:Downloading image from Cloud..
INFO:✅ Image uploaded successfully.
INFO:Tweet posted: 💾  revista quincenal El Sol de Azuero, editada en la ciudad de Chitré, Herrera. Editora: Impresora Panamá, 1962-1967.
🕰️ Publicado el 7 de septiembre de 1963
🖋️ Fuente: Biblioteca Nacional de Panamá

INFO:💾 Not posted: 15, posted: 45
INFO:✅ Updated JSON file saved.
INFO:
***** ***** ***** 2025-06-29 18:20:02 ***** ***** *****
INFO:💾 Not posted: 15, posted: 45
INFO:✅ Updated JSON file saved.
INFO:
***** ***** ***** 2025-06-30 18:21:54 ***** ***** *****
INFO:💾 Not posted: 15, posted: 45
INFO:✅ Updated JSON file saved.
INFO:
***** ***** ***** 2025-07-01 18:21:33 ***** ***** *****
INFO:Downloading image from Cloud..
INFO:✅ Image uploaded successfully.
INFO:Tweet posted: 🏛️ diario El Tiempo, comercial, noticioso y de variedades. Director: Rafael de la Espriella.
🗓️ Publicado el 14 de agosto de 1912
🗃️ Fuente: Biblioteca Nacional de Panamá
 #Hemeroteca
INFO:💾 Not posted: 14, posted: 46
INFO:✅ Updated JSON file saved.
INFO:
***** ***** ***** 2025-07-02 18:22:00 ***** ***** *****
INFO:Downloading image from Cloud..
INFO:✅ Image uploaded successfully.
INFO:Tweet posted: 📰 semanario liberal: La prensa Ilustrada. Director: M. De J. Quijano. Editoral La Moderna.
🕰️ Publicado el 28 de julio de 1938
📚 Fuente: Biblioteca Nacional de Panamá
 #ArchivoPanamá
INFO:💾 Not posted: 13, posted: 47
INFO:✅ Updated JSON file saved.
INFO:
***** ***** ***** 2025-07-03 18:21:21 ***** ***** *****
INFO:Downloading image from Cloud..
INFO:✅ Image uploaded successfully.
INFO:Tweet posted: 🔍 Diario Aprendo. Sección: 'La Galería' que publicaba dibujos de los lectores de la revista.
📅 Publicado el 8 de marzo de 1998
📚 Fuente: Biblioteca Nacional de Panamá

INFO:💾 Not posted: 12, posted: 48
INFO:✅ Updated JSON file saved.
INFO:
***** ***** ***** 2025-07-04 18:20:52 ***** ***** *****
INFO:Downloading image from Cloud..
INFO:✅ Image uploaded successfully.
INFO:Tweet posted: 🔍 diario El Tiempo, comercial, noticioso y de variedades. Director: Rafael de la Espriella.
⌛️ Publicado el 14 de agosto de 1912
⛲️ Fuente: Biblioteca Nacional de Panamá

INFO:💾 Not posted: 11, posted: 49
INFO:✅ Updated JSON file saved.
INFO:
***** ***** ***** 2025-07-05 18:19:24 ***** ***** *****
INFO:Downloading image from Cloud..
INFO:✅ Image uploaded successfully.
INFO:Tweet posted: 📜 Revista mensual Panamá nuevo, Jun-Jul. Editora: El Arte Tipográfico.
⌛️ Publicado el 1 de junio de 1972
🖋️ Fuente: Biblioteca Nacional de Panamá

INFO:💾 Not posted: 10, posted: 50
INFO:✅ Updated JSON file saved.
INFO:
***** ***** ***** 2025-07-06 18:20:04 ***** ***** *****
INFO:Downloading image from Cloud..
INFO:✅ Image uploaded successfully.
INFO:Tweet posted: 🏛️ semanario liberal: La prensa Ilustrada. Director: M. De J. Quijano. Editoral La Moderna.
📅 Publicado el 28 de julio de 1938
🖋️ Fuente: Biblioteca Nacional de Panamá
 #Hemeroteca
INFO:💾 Not posted: 9, posted: 51
INFO:✅ Updated JSON file saved.
INFO:
***** ***** ***** 2025-07-07 18:22:05 ***** ***** *****
INFO:Downloading image from Cloud..
INFO:✅ Image uploaded successfully.
INFO:Tweet posted: 🗞️ Revista mensual Panamá nuevo, Jun-Jul. Editora: El Arte Tipográfico.
🗓️ Publicado el 1 de junio de 1972
📚 Fuente: Biblioteca Nacional de Panamá
 #PanamáAntiguo
INFO:💾 Not posted: 8, posted: 52
INFO:✅ Updated JSON file saved.
INFO:
***** ***** ***** 2025-07-08 18:21:54 ***** ***** *****
INFO:Downloading image from Cloud..
INFO:✅ Image uploaded successfully.
INFO:Tweet posted: 📸 Servicios de sombrereria ofrecidos en Ciudad de Panama en las páginas del semanario quincenal: El Obrero, el Órgano de Propaganda y Orientación de la Federación Obrera de la República de Panamá.
🕰️ Publicado el 25 de febrero de 1922
📚 Fuente: Biblioteca Nacional de Panamá

INFO:💾 Not posted: 7, posted: 53
INFO:✅ Updated JSON file saved.
INFO:
***** ***** ***** 2025-07-09 18:22:24 ***** ***** *****
INFO:Downloading image from Cloud..
INFO:✅ Image uploaded successfully.
INFO:Tweet posted: 🗞️ Diario Aprendo. Sección: 'El recreo', con chistes, adivinanzas y trabalenguas.
📅 Publicado el 26 de diciembre de 1999
🏷️ Fuente: Biblioteca Nacional de Panamá
 #PanamáAntiguo
INFO:💾 Not posted: 6, posted: 54
INFO:✅ Updated JSON file saved.
INFO:
***** ***** ***** 2025-07-10 18:22:26 ***** ***** *****
INFO:Downloading image from Cloud..
INFO:✅ Image uploaded successfully.
INFO:Tweet posted: 📰 Recorte de propaganda comercial del semanario popular: Avance. Editado por: Imprenta de La Academia, 1949-1949.
⌛️ Publicado el 20 de diciembre de 1949
📚 Fuente: Biblioteca Nacional de Panamá
 #Hemeroteca
INFO:💾 Not posted: 5, posted: 55
INFO:✅ Updated JSON file saved.
INFO:
***** ***** ***** 2025-07-11 18:22:04 ***** ***** *****
INFO:Downloading image from Cloud..
INFO:✅ Image uploaded successfully.
INFO:Tweet posted: 🔍 Diario Aprendo. Ultima pagina de la revista aprendo, con el personaje que mas adelantes será el habitual.
🗓️ Publicado el 2 de enero de 2000
🌴 Fuente: Biblioteca Nacional de Panamá
 #ArchivoPanamá
INFO:💾 Not posted: 4, posted: 56
INFO:✅ Updated JSON file saved.
INFO:
***** ***** ***** 2025-07-12 18:20:23 ***** ***** *****
INFO:Downloading image from Cloud..
INFO:✅ Image uploaded successfully.
INFO:Tweet posted: 🧳 Diario Aprendo. Sección: 'La Galería' que publicaba dibujos de los lectores de la revista.
🕰️ Publicado el 2 de enero de 2000
🗃️ Fuente: Biblioteca Nacional de Panamá

INFO:💾 Not posted: 3, posted: 57
INFO:✅ Updated JSON file saved.
INFO:
***** ***** ***** 2025-07-13 18:20:25 ***** ***** *****
INFO:Downloading image from Cloud..
INFO:✅ Image uploaded successfully.
INFO:Tweet posted: 🗞️ diario El Tiempo, comercial, noticioso y de variedades. Director: Rafael de la Espriella.
📅 Publicado el 14 de agosto de 1912
🌴 Fuente: Biblioteca Nacional de Panamá

INFO:Temporary image file removed.
INFO:💾 Not posted: 2, posted: 58
INFO:✅ Updated JSON file saved.
INFO:
***** ***** ***** 2025-07-14 18:24:14 ***** ***** *****
INFO:Downloading image from Cloud..
INFO:✅ Image uploaded successfully.
INFO:Tweet posted: 🎞️ revista quincenal El Paladín, editado por Imprenta La Nación, 1946-1947.
⌛️ Publicado el 3 de enero de 1947
⛲️ Fuente: Biblioteca Nacional de Panamá
 #MemoriaDigital
INFO:Temporary image file removed.
INFO:💾 Not posted: 1, posted: 59
INFO:✅ Updated JSON file saved.
INFO:
***** ***** ***** 2025-07-15 18:23:58 ***** ***** *****
INFO:Downloading image from Cloud..
INFO:✅ Image uploaded successfully.
INFO:Tweet posted: 🏛️ Columna de temas misceláneos en el diario chiricano El Agricultor: comercio, agricultura, ciencias y artes.
🗓️ Publicado el 1 de enero de 1911
⛲️ Fuente: Biblioteca Nacional de Panamá

INFO:Temporary image file removed.
INFO:💾 Not posted: 42, posted: 60
INFO:✅ Updated JSON file saved.
INFO:
***** ***** ***** 2025-07-16 18:23:00 ***** ***** *****
INFO:Downloading image from Cloud..
INFO:✅ Image uploaded successfully.
INFO:Tweet posted: 🏛️ Anuncio de perfume en el diario El Agricultor: comercio, agricultura, ciencias y artes.
📅 Publicado el 1 de septiembre de 1914
🗃️ Fuente: Biblioteca Nacional de Panamá

INFO:Temporary image file removed.
INFO:💾 Not posted: 41, posted: 61
INFO:✅ Updated JSON file saved.
INFO:
***** ***** ***** 2025-07-17 18:23:27 ***** ***** *****
INFO:Downloading image from Cloud..
INFO:✅ Image uploaded successfully.
INFO:Tweet posted: 🎞️ Anuncio en el diario El Agricultor: comercio, agricultura, ciencias y artes.
📅 Publicado el 1 de septiembre de 1914
🗃️ Fuente: Biblioteca Nacional de Panamá
 #HistoriaViva
INFO:Temporary image file removed.
INFO:💾 Not posted: 40, posted: 62
INFO:✅ Updated JSON file saved.
INFO:
***** ***** ***** 2025-07-18 18:22:22 ***** ***** *****
INFO:💾 Not posted: 40, posted: 62
INFO:✅ Updated JSON file saved.
INFO:
***** ***** ***** 2025-07-19 18:21:05 ***** ***** *****
INFO:Downloading image from Cloud..
INFO:✅ Image uploaded successfully.
INFO:Tweet posted: 📜 Anuncios varios en El Ají, semanario crítico humorístico de la vida nacional 
📅 Publicado el 14 de junio de 1931
🌴 Fuente: Biblioteca Nacional de Panamá

INFO:Temporary image file removed.
INFO:💾 Not posted: 39, posted: 63
INFO:✅ Updated JSON file saved.
INFO:
***** ***** ***** 2025-07-20 18:21:06 ***** ***** *****
INFO:Downloading image from Cloud..
INFO:✅ Image uploaded successfully.
INFO:Tweet posted: 🔍 Caricatura de portada, donde aparece el presidente Belisario Porras en el seminario satírico, jocoso, político y catapulta: Don Sancho.
🕰️ Publicado el 2 de julio de 1921
🖋️ Fuente: Biblioteca Nacional de Panamá

INFO:Temporary image file removed.
INFO:💾 Not posted: 38, posted: 64
INFO:✅ Updated JSON file saved.
INFO:
***** ***** ***** 2025-07-21 18:24:20 ***** ***** *****
INFO:Downloading image from Cloud..
INFO:✅ Image uploaded successfully.
INFO:Tweet posted: 📰 Glosas de la década del 30 en El Ají, semanario crítico humorístico de la vida nacional 
🕰️ Publicado el 14 de junio de 1931
🌴 Fuente: Biblioteca Nacional de Panamá

INFO:Temporary image file removed.
INFO:💾 Not posted: 37, posted: 65
INFO:✅ Updated JSON file saved.
INFO:
***** ***** ***** 2025-07-22 18:23:46 ***** ***** *****
INFO:Downloading image from Cloud..
INFO:✅ Image uploaded successfully.
INFO:Tweet posted: 🧳 Anuncio  en el diario El Agricultor: comercio, agricultura, ciencias y artes.
📅 Publicado el 1 de septiembre de 1914
⛲️ Fuente: Biblioteca Nacional de Panamá

INFO:Temporary image file removed.
INFO:💾 Not posted: 36, posted: 66
INFO:✅ Updated JSON file saved.
INFO:
***** ***** ***** 2025-07-23 18:23:49 ***** ***** *****
INFO:Downloading image from Cloud..
INFO:✅ Image uploaded successfully.
INFO:Tweet posted: 💾 Anuncio de la compañía internacional de seguros en el histórico edificio de la avenida central, revista Cuasimodo: magazine interamericano.
📅 Publicado el 1 de marzo de 1920
🏷️ Fuente: Biblioteca Nacional de Panamá
 #CulturaPanameña
INFO:Temporary image file removed.
INFO:💾 Not posted: 35, posted: 67
INFO:✅ Updated JSON file saved.
INFO:
***** ***** ***** 2025-07-24 18:23:36 ***** ***** *****
INFO:Downloading image from Cloud..
INFO:✅ Image uploaded successfully.
INFO:Tweet posted: 🧳 Columna sobre el agua potable en la ciudad, en la revista revista Cuasimodo: magazine interamericano.
🕰️ Publicado el 1 de diciembre de 1919
🗃️ Fuente: Biblioteca Nacional de Panamá
 #ArchivoPanamá
INFO:Temporary image file removed.
INFO:💾 Not posted: 34, posted: 68
INFO:✅ Updated JSON file saved.
INFO:
***** ***** ***** 2025-07-25 18:23:18 ***** ***** *****
INFO:Downloading image from Cloud..
INFO:✅ Image uploaded successfully.
INFO:Tweet posted: 📰 Recortes de anuncions varios en el diario El Agricultor: comercio, agricultura, ciencias y artes.
⌛️ Publicado el 1 de enero de 1911
🗃️ Fuente: Biblioteca Nacional de Panamá
 #ArchivoPanamá
INFO:Temporary image file removed.
INFO:💾 Not posted: 33, posted: 69
INFO:✅ Updated JSON file saved.
INFO:
***** ***** ***** 2025-07-26 18:21:19 ***** ***** *****
INFO:Downloading image from Cloud..
INFO:✅ Image uploaded successfully.
INFO:Tweet posted: 💾 Encabezado del seminario satírico, jocoso, político y catapulta: Don Sancho.
🗓️ Publicado el 2 de julio de 1921
🏷️ Fuente: Biblioteca Nacional de Panamá
 #Hemeroteca
INFO:Temporary image file removed.
INFO:💾 Not posted: 32, posted: 70
INFO:✅ Updated JSON file saved.
INFO:
***** ***** ***** 2025-07-27 18:21:20 ***** ***** *****
INFO:💾 Not posted: 32, posted: 70
INFO:✅ Updated JSON file saved.
INFO:
***** ***** ***** 2025-07-28 18:25:09 ***** ***** *****
INFO:Downloading image from Cloud..
INFO:✅ Image uploaded successfully.
INFO:Tweet posted: 📜 Página completa en el 50 aniversario de la República de Panamá , en el diario semanal El País: por la República, la ley y la justicia. Director: Samuel Lewis.
⌛️ Publicado el 2 de noviembre de 1953
⛲️ Fuente: Biblioteca Nacional de Panamá
 #PanamáAntiguo
INFO:Temporary image file removed.
INFO:💾 Not posted: 31, posted: 71
INFO:✅ Updated JSON file saved.
INFO:
***** ***** ***** 2025-07-29 18:25:03 ***** ***** *****
INFO:Downloading image from Cloud..
INFO:✅ Image uploaded successfully.
INFO:Tweet posted: 📜 Carteleras de los Teatros Lux, Cecilia y Presidente en el semanario popular: Avance. Editado por: Imprenta de La Academia, 1949-1949.
🗓️ Publicado el 20 de diciembre de 1949
🗃️ Fuente: Biblioteca Nacional de Panamá

INFO:Temporary image file removed.
INFO:💾 Not posted: 30, posted: 72
INFO:✅ Updated JSON file saved.
INFO:
***** ***** ***** 2025-07-30 18:23:52 ***** ***** *****
INFO:Downloading image from Cloud..
INFO:✅ Image uploaded successfully.
INFO:Tweet posted: 🎞️ Condiciones para publicar en el diario chiricano El Agricultor: comercio, agricultura, ciencias y artes.
⌛️ Publicado el 1 de septiembre de 1914
🖋️ Fuente: Biblioteca Nacional de Panamá

INFO:Temporary image file removed.
INFO:💾 Not posted: 29, posted: 73
INFO:✅ Updated JSON file saved.
INFO:
***** ***** ***** 2025-07-31 18:24:50 ***** ***** *****
INFO:💾 Not posted: 29, posted: 73
INFO:✅ Updated JSON file saved.
INFO:
***** ***** ***** 2025-08-01 18:23:30 ***** ***** *****
INFO:Downloading image from Cloud..
INFO:✅ Image uploaded successfully.
INFO:Tweet posted: 🧳 Conocimientos útiles para destruir pulgas, en el diario El Agricultor: comercio, agricultura, ciencias y artes.
📅 Publicado el 1 de septiembre de 1914
🗃️ Fuente: Biblioteca Nacional de Panamá
 #BibliotecaNacional
INFO:Temporary image file removed.
INFO:💾 Not posted: 28, posted: 74
INFO:✅ Updated JSON file saved.
INFO:
***** ***** ***** 2025-08-02 18:21:57 ***** ***** *****
INFO:Downloading image from Cloud..
INFO:✅ Image uploaded successfully.
INFO:Tweet posted: 📰 Encabezado de El Ají, semanario crítico humorístico de la vida nacional 
📅 Publicado el 14 de junio de 1931
🖋️ Fuente: Biblioteca Nacional de Panamá

INFO:Temporary image file removed.
INFO:💾 Not posted: 27, posted: 75
INFO:✅ Updated JSON file saved.
INFO:
***** ***** ***** 2025-08-03 18:22:20 ***** ***** *****
INFO:Downloading image from Cloud..
INFO:✅ Image uploaded successfully.
INFO:Tweet posted: 👀 Recortes de un anuncio del doctor González Revilla en David Chiriquí, en el diario El Agricultor: comercio, agricultura, ciencias y artes.
⌛️ Publicado el 1 de enero de 1911
📚 Fuente: Biblioteca Nacional de Panamá

INFO:Temporary image file removed.
INFO:💾 Not posted: 26, posted: 76
INFO:✅ Updated JSON file saved.
INFO:
***** ***** ***** 2025-08-04 18:25:22 ***** ***** *****
INFO:Downloading image from Cloud..
INFO:✅ Image uploaded successfully.
INFO:Tweet posted: 👀 Anuncio en el diario El Agricultor: comercio, agricultura, ciencias y artes.
📅 Publicado el 1 de septiembre de 1914
📚 Fuente: Biblioteca Nacional de Panamá
 #HistoriaViva
INFO:Temporary image file removed.
INFO:💾 Not posted: 25, posted: 77
INFO:✅ Updated JSON file saved.
INFO:
***** ***** ***** 2025-08-05 18:26:42 ***** ***** *****
INFO:Downloading image from Cloud..
INFO:✅ Image uploaded successfully.
INFO:Tweet posted: 🏛️ Mensaje de felicitaciones en el 50 aniversario de la República de la Union Oil Company, en el diario semanal El País: por la República, la ley y la justicia. Director: Samuel Lewis.
🕰️ Publicado el 2 de noviembre de 1953
🌴 Fuente: Biblioteca Nacional de Panamá
 #Hemeroteca
INFO:Temporary image file removed.
INFO:💾 Not posted: 24, posted: 78
INFO:✅ Updated JSON file saved.
INFO:
***** ***** ***** 2025-08-06 18:24:43 ***** ***** *****
INFO:Downloading image from Cloud..
INFO:✅ Image uploaded successfully.
INFO:Tweet posted: 🔍 Encabezado del diario chiricano El Agricultor: comercio, agricultura, ciencias y artes.
🕰️ Publicado el 1 de septiembre de 1914
📚 Fuente: Biblioteca Nacional de Panamá

INFO:Temporary image file removed.
INFO:💾 Not posted: 23, posted: 79
INFO:✅ Updated JSON file saved.
INFO:
***** ***** ***** 2025-08-07 18:25:51 ***** ***** *****
INFO:💾 Not posted: 23, posted: 79
INFO:✅ Updated JSON file saved.
INFO:
***** ***** ***** 2025-08-08 18:22:15 ***** ***** *****
INFO:💾 Not posted: 23, posted: 79
INFO:✅ Updated JSON file saved.
INFO:
***** ***** ***** 2025-08-09 18:21:21 ***** ***** *****
INFO:Downloading image from Cloud..
INFO:✅ Image uploaded successfully.
INFO:Tweet posted: 💾 Anuncio de la apertura del famoso Teatro Excelsior en el seminario satírico, jocoso, político y catapulta: Don Sancho.
📅 Publicado el 2 de julio de 1921
⛲️ Fuente: Biblioteca Nacional de Panamá

INFO:Temporary image file removed.
INFO:💾 Not posted: 22, posted: 80
INFO:✅ Updated JSON file saved.
INFO:
***** ***** ***** 2025-08-11 18:24:16 ***** ***** *****
INFO:Downloading image from Cloud..
INFO:✅ Image uploaded successfully.
INFO:Tweet posted: 🧳 Anunciando el Seguro Social Obligatorio en el diario Sindicalismo : del órgano de la Federación Sindical de Trabajadores de Panamá.
🗓️ Publicado el 30 de agosto de 1927
⛲️ Fuente: Biblioteca Nacional de Panamá

INFO:Temporary image file removed.
INFO:💾 Not posted: 21, posted: 81
INFO:✅ Updated JSON file saved.
INFO:
***** ***** ***** 2025-08-12 18:24:21 ***** ***** *****
INFO:Downloading image from Cloud..
INFO:✅ Image uploaded successfully.
INFO:Tweet posted: 🎞️ Breve columna sobre el estado de la construcción del Canal de Panamá, en el diario El Agricultor: comercio, agricultura, ciencias y artes.
🕰️ Publicado el 1 de enero de 1911
🖋️ Fuente: Biblioteca Nacional de Panamá

INFO:Temporary image file removed.
INFO:💾 Not posted: 20, posted: 82
INFO:✅ Updated JSON file saved.
INFO:
***** ***** ***** 2025-08-13 18:21:47 ***** ***** *****
INFO:Downloading image from Cloud..
INFO:✅ Image uploaded successfully.
INFO:Tweet posted: 🗞️ Página completa en celebración del 50 aniversario de la República de Panamá, en el diario semanal El País: por la República, la ley y la justicia. Director: Samuel Lewis.
🕰️ Publicado el 2 de noviembre de 1953
⛲️ Fuente: Biblioteca Nacional de Panamá

INFO:Temporary image file removed.
INFO:💾 Not posted: 19, posted: 83
INFO:✅ Updated JSON file saved.
INFO:
***** ***** ***** 2025-08-14 18:23:03 ***** ***** *****
INFO:Downloading image from Cloud..
INFO:✅ Image uploaded successfully.
INFO:Tweet posted: 📰 Telegramas en el diario chiricano El Agricultor: comercio, agricultura, ciencias y artes.
📅 Publicado el 1 de enero de 1911
🌴 Fuente: Biblioteca Nacional de Panamá
 #BibliotecaNacional
INFO:Temporary image file removed.
INFO:💾 Not posted: 18, posted: 84
INFO:✅ Updated JSON file saved.
INFO:
***** ***** ***** 2025-08-15 18:22:34 ***** ***** *****
INFO:💾 Not posted: 18, posted: 84
INFO:✅ Updated JSON file saved.
INFO:
***** ***** ***** 2025-08-16 18:20:02 ***** ***** *****
INFO:Downloading image from Cloud..
INFO:✅ Image uploaded successfully.
INFO:Tweet posted: 👀 Anuncio de la Fruteria Central, ubicada en la avenida Central, en la revista Cuasimodo: magazine interamericano.
⌛️ Publicado el 1 de marzo de 1920
📚 Fuente: Biblioteca Nacional de Panamá
 #HistoriaViva
INFO:Temporary image file removed.
INFO:💾 Not posted: 17, posted: 85
INFO:✅ Updated JSON file saved.
INFO:
***** ***** ***** 2025-08-17 18:20:51 ***** ***** *****
INFO:Downloading image from Cloud..
INFO:✅ Image uploaded successfully.
INFO:Tweet posted: 📜 Anuncios varios en el diario chiricano El Agricultor: comercio, agricultura, ciencias y artes.
📅 Publicado el 1 de enero de 1911
🏷️ Fuente: Biblioteca Nacional de Panamá
 #PanamáAntiguo
INFO:Temporary image file removed.
INFO:💾 Not posted: 16, posted: 86
INFO:✅ Updated JSON file saved.
INFO:
***** ***** ***** 2025-08-18 18:23:43 ***** ***** *****
INFO:Downloading image from Cloud..
INFO:✅ Image uploaded successfully.
INFO:Tweet posted: 📰 Columna con el tema: para probar diamante, en el diario El Agricultor: comercio, agricultura, ciencias y artes.
📅 Publicado el 1 de septiembre de 1914
⛲️ Fuente: Biblioteca Nacional de Panamá

INFO:Temporary image file removed.
INFO:💾 Not posted: 15, posted: 87
INFO:✅ Updated JSON file saved.
INFO:
***** ***** ***** 2025-08-19 18:20:40 ***** ***** *****
INFO:Downloading image from Cloud..
INFO:✅ Image uploaded successfully.
INFO:Tweet posted: 🏛️ Anuncio de interés general a los ciudadanos de David, en el diario chiricano El Agricultor: comercio, agricultura, ciencias y artes.
🗓️ Publicado el 1 de enero de 1911
🗃️ Fuente: Biblioteca Nacional de Panamá
 #BibliotecaNacional
INFO:Temporary image file removed.
INFO:💾 Not posted: 14, posted: 88
INFO:✅ Updated JSON file saved.
INFO:
***** ***** ***** 2025-08-20 18:21:51 ***** ***** *****
INFO:Downloading image from Cloud..
INFO:✅ Image uploaded successfully.
INFO:Tweet posted: 🏛️ Anuncio de una ferreteria en la revista Cuasimodo: magazine interamericano.
🕰️ Publicado el 1 de marzo de 1920
🏷️ Fuente: Biblioteca Nacional de Panamá
 #ArchivoPanamá
INFO:Temporary image file removed.
INFO:💾 Not posted: 13, posted: 89
INFO:✅ Updated JSON file saved.
INFO:
***** ***** ***** 2025-08-21 18:21:56 ***** ***** *****
INFO:Downloading image from Cloud..
INFO:✅ Image uploaded successfully.
INFO:Tweet posted: 🗞️ Anuncio de La Imperial, en la plaza de Santa Ana, en la revista Cuasimodo: magazine interamericano.
📅 Publicado el 1 de marzo de 1920
🖋️ Fuente: Biblioteca Nacional de Panamá
 #BibliotecaNacional
INFO:Temporary image file removed.
INFO:💾 Not posted: 12, posted: 90
INFO:✅ Updated JSON file saved.
INFO:
***** ***** ***** 2025-08-22 18:21:00 ***** ***** *****
INFO:Downloading image from Cloud..
INFO:✅ Image uploaded successfully.
INFO:Tweet posted: 🎞️ Encabezado de la revista Cuasimodo: magazine interamericano.
📅 Publicado el 1 de marzo de 1920
⛲️ Fuente: Biblioteca Nacional de Panamá
 #PanamáAntiguo
INFO:Temporary image file removed.
INFO:💾 Not posted: 11, posted: 91
INFO:✅ Updated JSON file saved.
INFO:
***** ***** ***** 2025-08-23 18:19:05 ***** ***** *****
INFO:Downloading image from Cloud..
INFO:✅ Image uploaded successfully.
INFO:Tweet posted: 📰 Portada de la revista Cuasimodo: magazine interamericano.
📅 Publicado el 1 de marzo de 1920
🗃️ Fuente: Biblioteca Nacional de Panamá

INFO:Temporary image file removed.
INFO:💾 Not posted: 10, posted: 92
INFO:✅ Updated JSON file saved.
INFO:
***** ***** ***** 2025-08-24 18:19:29 ***** ***** *****
INFO:Downloading image from Cloud..
INFO:✅ Image uploaded successfully.
INFO:Tweet posted: 🔍 Columna en la revista Cuasimodo: magazine interamericano. Director: Nemesio Canales
🕰️ Publicado el 1 de diciembre de 1919
🗃️ Fuente: Biblioteca Nacional de Panamá

INFO:Temporary image file removed.
INFO:💾 Not posted: 9, posted: 93
INFO:✅ Updated JSON file saved.
INFO:
***** ***** ***** 2025-08-26 18:20:46 ***** ***** *****
INFO:Downloading image from Cloud..
INFO:✅ Image uploaded successfully.
INFO:Tweet posted: 🎞️ Glosas de la década del 30 en El Ají, semanario crítico humorístico de la vida nacional 
⌛️ Publicado el 14 de junio de 1931
🌴 Fuente: Biblioteca Nacional de Panamá

INFO:Temporary image file removed.
INFO:💾 Not posted: 8, posted: 94
INFO:✅ Updated JSON file saved.
INFO:
***** ***** ***** 2025-08-27 18:21:00 ***** ***** *****
INFO:Downloading image from Cloud..
INFO:✅ Image uploaded successfully.
INFO:Tweet posted: 🔍 Condiciones para publicar en el seminario satírico, jocoso, político y catapulta: Don Sancho.
🗓️ Publicado el 2 de julio de 1921
📚 Fuente: Biblioteca Nacional de Panamá

INFO:Temporary image file removed.
INFO:💾 Not posted: 7, posted: 95
INFO:✅ Updated JSON file saved.
INFO:
***** ***** ***** 2025-08-28 18:21:00 ***** ***** *****
INFO:Downloading image from Cloud..
INFO:✅ Image uploaded successfully.
INFO:Tweet posted: 🧳 Anuncio de comercial general en la revista Cuasimodo: magazine interamericano.
🗓️ Publicado el 1 de marzo de 1920
🏷️ Fuente: Biblioteca Nacional de Panamá

INFO:Temporary image file removed.
INFO:💾 Not posted: 6, posted: 96
INFO:✅ Updated JSON file saved.
INFO:
***** ***** ***** 2025-08-29 18:20:25 ***** ***** *****
INFO:Downloading image from Cloud..
INFO:✅ Image uploaded successfully.
INFO:Tweet posted: 📰 Anuncio en el diario El Agricultor: comercio, agricultura, ciencias y artes.
⌛️ Publicado el 1 de septiembre de 1914
🏷️ Fuente: Biblioteca Nacional de Panamá

INFO:Temporary image file removed.
INFO:💾 Not posted: 5, posted: 97
INFO:✅ Updated JSON file saved.
INFO:
***** ***** ***** 2025-08-30 18:18:20 ***** ***** *****
INFO:Downloading image from Cloud..
INFO:✅ Image uploaded successfully.
INFO:Tweet posted: 📜 Anuncio de los premios de la Lotería Nacional de Beneficencia, en el diario semanal El País, del comité Pro Arosemena, director: Tertuliano Martinez
📅 Publicado el 20 de marzo de 1928
📚 Fuente: Biblioteca Nacional de Panamá

INFO:Temporary image file removed.
INFO:💾 Not posted: 4, posted: 98
INFO:✅ Updated JSON file saved.
INFO:
***** ***** ***** 2025-08-31 18:18:49 ***** ***** *****
INFO:Downloading image from Cloud..
INFO:✅ Image uploaded successfully.
INFO:Tweet posted: 📸 Anuncio de la bebida hecha con naranjas locales en el diario Sindicalismo : del órgano de la Federación Sindical de Trabajadores de Panamá.
🕰️ Publicado el 30 de agosto de 1927
🗃️ Fuente: Biblioteca Nacional de Panamá
 #MemoriaDigital
INFO:Temporary image file removed.
INFO:💾 Not posted: 3, posted: 99
INFO:✅ Updated JSON file saved.
INFO:
***** ***** ***** 2025-09-01 18:20:18 ***** ***** *****
INFO:Downloading image from Cloud..
INFO:✅ Image uploaded successfully.
INFO:Tweet posted: 🔍 Anuncio del sorteo de la lotería nacional de beneficencia en El Ají, semanario crítico humorístico de la vida nacional 
⌛️ Publicado el 14 de junio de 1931
📚 Fuente: Biblioteca Nacional de Panamá
 #MemoriaDigital
INFO:Temporary image file removed.
INFO:💾 Not posted: 2, posted: 100
INFO:✅ Updated JSON file saved.
INFO:
***** ***** ***** 2025-09-02 18:19:01 ***** ***** *****
INFO:💾 Not posted: 2, posted: 100
INFO:✅ Updated JSON file saved.
INFO:
***** ***** ***** 2025-09-03 18:20:34 ***** ***** *****
INFO:💾 Not posted: 2, posted: 100
INFO:✅ Updated JSON file saved.
INFO:
***** ***** ***** 2025-09-04 18:20:08 ***** ***** *****
INFO:💾 Not posted: 2, posted: 100
INFO:✅ Updated JSON file saved.
INFO:
***** ***** ***** 2025-09-05 18:19:18 ***** ***** *****
INFO:💾 Not posted: 2, posted: 100
INFO:✅ Updated JSON file saved.
INFO:
***** ***** ***** 2025-09-06 18:17:49 ***** ***** *****
INFO:💾 Not posted: 2, posted: 100
INFO:✅ Updated JSON file saved.
INFO:
***** ***** ***** 2025-09-07 18:18:01 ***** ***** *****
INFO:💾 Not posted: 2, posted: 100
INFO:✅ Updated JSON file saved.
INFO:
***** ***** ***** 2025-09-08 18:21:20 ***** ***** *****
INFO:💾 Not posted: 2, posted: 100
INFO:✅ Updated JSON file saved.
INFO:
***** ***** ***** 2025-09-09 18:18:32 ***** ***** *****
INFO:💾 Not posted: 2, posted: 100
INFO:✅ Updated JSON file saved.
INFO:
***** ***** ***** 2025-09-10 18:20:50 ***** ***** *****
INFO:💾 Not posted: 2, posted: 100
INFO:✅ Updated JSON file saved.
INFO:
***** ***** ***** 2025-09-11 18:17:50 ***** ***** *****
INFO:💾 Not posted: 2, posted: 100
INFO:✅ Updated JSON file saved.
INFO:
***** ***** ***** 2025-09-12 18:20:46 ***** ***** *****
INFO:💾 Not posted: 2, posted: 100
INFO:✅ Updated JSON file saved.
INFO:
***** ***** ***** 2025-09-13 18:17:19 ***** ***** *****
INFO:💾 Not posted: 2, posted: 100
INFO:✅ Updated JSON file saved.
INFO:
***** ***** ***** 2025-09-14 18:17:53 ***** ***** *****
INFO:💾 Not posted: 2, posted: 100
INFO:✅ Updated JSON file saved.
INFO:
***** ***** ***** 2025-09-15 18:20:50 ***** ***** *****
INFO:💾 Not posted: 2, posted: 100
INFO:✅ Updated JSON file saved.
INFO:
***** ***** ***** 2025-09-16 18:21:09 ***** ***** *****
INFO:💾 Not posted: 2, posted: 100
INFO:✅ Updated JSON file saved.
INFO:
***** ***** ***** 2025-09-17 18:21:01 ***** ***** *****
INFO:💾 Not posted: 2, posted: 100
INFO:✅ Updated JSON file saved.
INFO:
***** ***** ***** 2025-09-18 18:21:24 ***** ***** *****
INFO:💾 Not posted: 2, posted: 100
INFO:✅ Updated JSON file saved.
INFO:
***** ***** ***** 2025-09-19 18:20:15 ***** ***** *****
INFO:💾 Not posted: 2, posted: 100
INFO:✅ Updated JSON file saved.
INFO:
***** ***** ***** 2025-09-20 18:17:59 ***** ***** *****
INFO:💾 Not posted: 2, posted: 100
INFO:✅ Updated JSON file saved.
INFO:
***** ***** ***** 2025-09-21 18:18:52 ***** ***** *****
INFO:💾 Not posted: 2, posted: 100
INFO:✅ Updated JSON file saved.
INFO:
***** ***** ***** 2025-09-22 18:20:51 ***** ***** *****
INFO:💾 Not posted: 2, posted: 100
INFO:✅ Updated JSON file saved.
INFO:
***** ***** ***** 2025-09-23 18:22:01 ***** ***** *****
INFO:💾 Not posted: 2, posted: 100
INFO:✅ Updated JSON file saved.
INFO:
***** ***** ***** 2025-09-24 18:20:18 ***** ***** *****
INFO:💾 Not posted: 2, posted: 100
INFO:✅ Updated JSON file saved.
INFO:
***** ***** ***** 2025-09-25 18:22:02 ***** ***** *****
INFO:💾 Not posted: 2, posted: 100
INFO:✅ Updated JSON file saved.
INFO:
***** ***** ***** 2025-09-26 18:19:36 ***** ***** *****
INFO:💾 Not posted: 2, posted: 100
INFO:✅ Updated JSON file saved.
INFO:
***** ***** ***** 2025-09-27 18:18:21 ***** ***** *****
INFO:💾 Not posted: 2, posted: 100
INFO:✅ Updated JSON file saved.
INFO:
***** ***** ***** 2025-09-28 18:18:37 ***** ***** *****
INFO:💾 Not posted: 2, posted: 100
INFO:✅ Updated JSON file saved.
INFO:
***** ***** ***** 2025-09-29 18:22:11 ***** ***** *****
INFO:💾 Not posted: 2, posted: 100
INFO:✅ Updated JSON file saved.
INFO:
***** ***** ***** 2025-09-30 18:19:57 ***** ***** *****
INFO:💾 Not posted: 2, posted: 100
INFO:✅ Updated JSON file saved.
INFO:
***** ***** ***** 2025-10-01 18:21:21 ***** ***** *****
INFO:💾 Not posted: 2, posted: 100
INFO:✅ Updated JSON file saved.
INFO:
***** ***** ***** 2025-10-02 18:21:05 ***** ***** *****
INFO:💾 Not posted: 2, posted: 100
INFO:✅ Updated JSON file saved.
INFO:
***** ***** ***** 2025-10-03 18:20:36 ***** ***** *****
INFO:💾 Not posted: 2, posted: 100
INFO:✅ Updated JSON file saved.
INFO:
***** ***** ***** 2025-10-04 18:18:46 ***** ***** *****
INFO:💾 Not posted: 2, posted: 100
INFO:✅ Updated JSON file saved.
INFO:
***** ***** ***** 2025-10-05 18:18:54 ***** ***** *****
INFO:💾 Not posted: 2, posted: 100
INFO:✅ Updated JSON file saved.
INFO:
***** ***** ***** 2025-10-06 18:22:02 ***** ***** *****
INFO:💾 Not posted: 2, posted: 100
INFO:✅ Updated JSON file saved.
INFO:
***** ***** ***** 2025-10-07 18:21:54 ***** ***** *****
INFO:💾 Not posted: 2, posted: 100
INFO:✅ Updated JSON file saved.
INFO:
***** ***** ***** 2025-10-08 18:22:14 ***** ***** *****
INFO:💾 Not posted: 2, posted: 100
INFO:✅ Updated JSON file saved.
INFO:
***** ***** ***** 2025-10-09 18:21:27 ***** ***** *****
INFO:💾 Not posted: 2, posted: 100
INFO:✅ Updated JSON file saved.
INFO:
***** ***** ***** 2025-10-10 18:21:20 ***** ***** *****
INFO:💾 Not posted: 2, posted: 100
INFO:✅ Updated JSON file saved.
INFO:
***** ***** ***** 2025-10-11 18:17:49 ***** ***** *****
INFO:💾 Not posted: 2, posted: 100
INFO:✅ Updated JSON file saved.
INFO:
***** ***** ***** 2025-10-12 18:19:01 ***** ***** *****
INFO:💾 Not posted: 2, posted: 100
INFO:✅ Updated JSON file saved.
INFO:
<<<<<<< HEAD
***** ***** ***** 2025-10-13 18:21:00 ***** ***** *****
INFO:💾 Not posted: 2, posted: 100
INFO:✅ Updated JSON file saved.
INFO:
***** ***** ***** 2025-10-14 18:22:17 ***** ***** *****
INFO:💾 Not posted: 2, posted: 100
INFO:✅ Updated JSON file saved.
INFO:
***** ***** ***** 2025-10-15 18:22:30 ***** ***** *****
INFO:💾 Not posted: 2, posted: 100
INFO:✅ Updated JSON file saved.
INFO:
***** ***** ***** 2025-10-16 18:21:38 ***** ***** *****
INFO:💾 Not posted: 2, posted: 100
INFO:✅ Updated JSON file saved.
INFO:
***** ***** ***** 2025-10-17 18:19:40 ***** ***** *****
INFO:💾 Not posted: 2, posted: 100
INFO:✅ Updated JSON file saved.
INFO:
***** ***** ***** 2025-10-18 18:18:59 ***** ***** *****
INFO:💾 Not posted: 2, posted: 100
INFO:✅ Updated JSON file saved.
INFO:
***** ***** ***** 2025-10-19 18:19:24 ***** ***** *****
INFO:💾 Not posted: 2, posted: 100
INFO:✅ Updated JSON file saved.
INFO:
***** ***** ***** 2025-10-20 18:23:11 ***** ***** *****
INFO:💾 Not posted: 2, posted: 100
INFO:✅ Updated JSON file saved.
=======
***** ***** ***** 2025-10-12 21:49:31 ***** ***** *****
INFO:
***** ***** ***** 2025-10-12 21:49:38 ***** ***** *****
INFO:
***** ***** ***** 2025-10-12 21:50:32 ***** ***** *****
INFO:
***** ***** ***** 2025-10-12 21:50:57 ***** ***** *****
INFO:
***** ***** ***** 2025-10-12 21:51:07 ***** ***** *****
INFO:
Cloudinary connection successful!

INFO:
***** ***** ***** 2025-10-12 21:51:36 ***** ***** *****
INFO:
Cloudinary connection successful!

INFO:
***** ***** ***** 2025-10-12 21:52:02 ***** ***** *****
INFO:
Cloudinary connection successful!

INFO:
***** ***** ***** 2025-10-12 21:53:12 ***** ***** *****
INFO:
Cloudinary connection successful!

INFO:
***** ***** ***** 2025-10-12 21:53:32 ***** ***** *****
INFO:
Cloudinary connection successful!

INFO:
***** ***** ***** 2025-10-12 21:53:52 ***** ***** *****
INFO:
Cloudinary connection successful!

INFO:
***** ***** ***** 2025-10-12 21:55:27 ***** ***** *****
INFO:
Cloudinary connection successful!

INFO:
***** ***** ***** 2025-10-12 21:55:41 ***** ***** *****
INFO:
Cloudinary connection successful!

INFO:
***** ***** ***** 2025-10-12 21:56:03 ***** ***** *****
INFO:
Cloudinary connection successful!

>>>>>>> ecb7164 (New files until november 26)
INFO:
***** ***** ***** 2025-10-23 18:22:22 ***** ***** *****
INFO:Downloading image from Cloud..
INFO:✅ Image uploaded successfully.
INFO:Tweet posted: 📜 Nota sobre la Zona Libre de Colón, como la panacea de la economía colonense en la década del 60.
📅 Publicado el 19 de septiembre de 1962
📚    Fuente: Biblioteca Nacional de Panamá

INFO:Temporary image file removed.
INFO:💾 Not posted: 27, posted: 101
INFO:✅ Updated JSON file saved.
INFO:
***** ***** ***** 2025-10-24 18:21:47 ***** ***** *****
INFO:Downloading image from Cloud..
INFO:✅ Image uploaded successfully.
INFO:Tweet posted: 🏛️ Portada con la nota de una muerte por suicidio en Colón.
📅 Publicado el 19 de septiembre de 1962
🌴    Fuente: Biblioteca Nacional de Panamá
 #BibliotecaNacional
INFO:Temporary image file removed.
INFO:💾 Not posted: 26, posted: 102
INFO:✅ Updated JSON file saved.
INFO:
***** ***** ***** 2025-10-25 18:19:25 ***** ***** *****
INFO:Downloading image from Cloud..
INFO:✅ Image uploaded successfully.
INFO:Tweet posted: 🔍 Anuncio a página completa de la iglesia de Billy Graham en el diario El Clarín Nacional.
🗓️ Publicado el 30 de septiembre de 1991
🖋️    Fuente: Biblioteca Nacional de Panamá
 #MemoriaDigital
INFO:Temporary image file removed.
INFO:💾 Not posted: 25, posted: 103
INFO:✅ Updated JSON file saved.
INFO:
***** ***** ***** 2025-10-26 18:20:05 ***** ***** *****
INFO:Downloading image from Cloud..
INFO:✅ Image uploaded successfully.
INFO:Tweet posted: 📰 Anuncios de salones de belleza en 1973.
📅 Publicado el 16 de enero de 1973
🏷️    Fuente: Biblioteca Nacional de Panamá

INFO:Temporary image file removed.
INFO:💾 Not posted: 24, posted: 104
INFO:✅ Updated JSON file saved.
INFO:
***** ***** ***** 2025-10-27 18:22:52 ***** ***** *****
INFO:💾 Not posted: 24, posted: 104
INFO:✅ Updated JSON file saved.
INFO:
***** ***** ***** 2025-10-28 18:24:00 ***** ***** *****
INFO:Downloading image from Cloud..
INFO:✅ Image uploaded successfully.
INFO:Tweet posted: 💾 Suspensión de pagos a 'inválidos', noticia de su cancelación en el Diario El Clarín Nacional.
📅 Publicado el 30 de septiembre de 1991
📚    Fuente: Biblioteca Nacional de Panamá

INFO:Temporary image file removed.
INFO:💾 Not posted: 23, posted: 105
INFO:✅ Updated JSON file saved.
INFO:
***** ***** ***** 2025-10-29 18:23:19 ***** ***** *****
INFO:Downloading image from Cloud..
INFO:✅ Image uploaded successfully.
INFO:Tweet posted: 🧳 Calendario de verano de la universidad de Panamá, en el diario La Hora.
⌛️ Publicado el 16 de enero de 1973
🖋️    Fuente: Biblioteca Nacional de Panamá
 #MemoriaDigital
INFO:Temporary image file removed.
INFO:💾 Not posted: 22, posted: 106
INFO:✅ Updated JSON file saved.
INFO:
***** ***** ***** 2025-10-30 18:22:01 ***** ***** *****
INFO:Downloading image from Cloud..
INFO:✅ Image uploaded successfully.
INFO:Tweet posted: 📜 Anuncio de un 'Tapaito' de la Lotería Nacional de Beneficencia.
⌛️ Publicado el 19 de septiembre de 1962
🖋️    Fuente: Biblioteca Nacional de Panamá
 #CulturaPanameña
INFO:Temporary image file removed.
INFO:💾 Not posted: 21, posted: 107
INFO:✅ Updated JSON file saved.
INFO:
***** ***** ***** 2025-10-31 18:22:29 ***** ***** *****
INFO:Downloading image from Cloud..
INFO:✅ Image uploaded successfully.
INFO:Tweet posted: 📰 Noticia en el diario El Siglo sobre las maniobras militares entre Panamá y los Estados Unidos. Diario el Siglo
📅 Publicado el 9 de enero de 1985
🗃️    Fuente: Biblioteca Nacional de Panamá

INFO:Temporary image file removed.
INFO:💾 Not posted: 20, posted: 108
INFO:✅ Updated JSON file saved.
INFO:
***** ***** ***** 2025-11-01 18:19:31 ***** ***** *****
INFO:Downloading image from Cloud..
INFO:✅ Image uploaded successfully.
INFO:Tweet posted: 📸 Nota sobre el gran sismo de Managua.
⌛️ Publicado el 16 de enero de 1973
📚    Fuente: Biblioteca Nacional de Panamá
 #ArchivoPanamá
INFO:Temporary image file removed.
INFO:💾 Not posted: 19, posted: 109
INFO:✅ Updated JSON file saved.
INFO:
***** ***** ***** 2025-11-02 18:18:57 ***** ***** *****
INFO:Downloading image from Cloud..
INFO:✅ Image uploaded successfully.
INFO:Tweet posted: 📜 Nota sobre el mal de la 'Pantallitis aguda' que sufren algunos políticos panameños, en relación a su constante presencia en la televisión.
🗓️ Publicado el 30 de septiembre de 1991
🏷️    Fuente: Biblioteca Nacional de Panamá

INFO:Temporary image file removed.
INFO:💾 Not posted: 18, posted: 110
INFO:✅ Updated JSON file saved.
INFO:
***** ***** ***** 2025-11-04 18:22:49 ***** ***** *****
INFO:Downloading image from Cloud..
INFO:✅ Image uploaded successfully.
INFO:Tweet posted: 🧳 Nota sobre los aspirantes a miembros del Club Unión en el diario El Clarín Nacional.
🗓️ Publicado el 30 de septiembre de 1991
🗃️    Fuente: Biblioteca Nacional de Panamá
 #BibliotecaNacional
INFO:Temporary image file removed.
INFO:💾 Not posted: 17, posted: 111
INFO:✅ Updated JSON file saved.
INFO:
***** ***** ***** 2025-11-05 18:22:06 ***** ***** *****
INFO:Downloading image from Cloud..
INFO:✅ Image uploaded successfully.
INFO:Tweet posted: 🔍 Homenajes a Martin Luther King Jr. en el quinto aniversario de su asesinato.
📅 Publicado el 16 de enero de 1973
🏷️    Fuente: Biblioteca Nacional de Panamá
 #MemoriaDigital
INFO:Temporary image file removed.
INFO:💾 Not posted: 16, posted: 112
INFO:✅ Updated JSON file saved.
INFO:
***** ***** ***** 2025-11-06 18:23:31 ***** ***** *****
INFO:Downloading image from Cloud..
INFO:✅ Image uploaded successfully.
INFO:Tweet posted: 🔍 Nota sobre el mal de la 'Pantallitis aguda' que sufren algunos políticos panameños, en relación a su constante presencia en la televisión.
🕰️ Publicado el 30 de septiembre de 1991
🌴    Fuente: Biblioteca Nacional de Panamá
 #MemoriaDigital
INFO:Temporary image file removed.
INFO:💾 Not posted: 15, posted: 113
INFO:✅ Updated JSON file saved.
INFO:
***** ***** ***** 2025-11-07 18:21:51 ***** ***** *****
INFO:Downloading image from Cloud..
INFO:✅ Image uploaded successfully.
INFO:Tweet posted: 💾 Anuncio internacional de un evento religioso en el que el pastor prometió hacer milagros.
⌛️ Publicado el 16 de enero de 1973
🌴    Fuente: Biblioteca Nacional de Panamá
 #ArchivoPanamá
INFO:Temporary image file removed.
INFO:💾 Not posted: 14, posted: 114
INFO:✅ Updated JSON file saved.
INFO:
***** ***** ***** 2025-11-08 18:20:09 ***** ***** *****
INFO:Downloading image from Cloud..
INFO:✅ Image uploaded successfully.
INFO:Tweet posted: 👀 Comentarios del boxeador Jimmy Robertson a pocos días de la pelea con Roberto Duran, quien defendía su título de peso ligero por primera vez, noqueando a Robertson en el quinto round.
🕰️ Publicado el 16 de enero de 1973
🗃️    Fuente: Biblioteca Nacional de Panamá

INFO:Temporary image file removed.
INFO:💾 Not posted: 13, posted: 115
INFO:✅ Updated JSON file saved.
INFO:
***** ***** ***** 2025-11-09 18:19:54 ***** ***** *****
INFO:Downloading image from Cloud..
INFO:✅ Image uploaded successfully.
INFO:Tweet posted: 🏛️ Nota a página completa sobre actividades Comunista en Colón, en el diario El Colonense. La nota tiene una larga lista de nombres, en plena época post-mccarthismo.
🗓️ Publicado el 19 de septiembre de 1962
🏷️    Fuente: Biblioteca Nacional de Panamá
 #Hemeroteca
INFO:Temporary image file removed.
INFO:💾 Not posted: 12, posted: 116
INFO:✅ Updated JSON file saved.
INFO:
***** ***** ***** 2025-11-10 18:22:46 ***** ***** *****
INFO:Downloading image from Cloud..
INFO:✅ Image uploaded successfully.
INFO:Tweet posted: 🏛️ Anuncio de la cerveza Balboa. Diario El Lapiz.
⌛️ Publicado el 1 de marzo de 1967
🖋️    Fuente: Biblioteca Nacional de Panamá
 #MemoriaDigital
INFO:Temporary image file removed.
INFO:💾 Not posted: 11, posted: 117
INFO:✅ Updated JSON file saved.
INFO:
***** ***** ***** 2025-11-11 18:22:13 ***** ***** *****
INFO:💾 Not posted: 11, posted: 117
INFO:✅ Updated JSON file saved.
INFO:
***** ***** ***** 2025-11-12 18:23:07 ***** ***** *****
INFO:Downloading image from Cloud..
INFO:✅ Image uploaded successfully.
INFO:Tweet posted: 🧳 Nota sobre la muerte por accidente de auto de un estudiante veragüense en el Plan Nacional de Alfabetización.
🗓️ Publicado el 16 de enero de 1973
🏷️    Fuente: Biblioteca Nacional de Panamá

INFO:Temporary image file removed.
INFO:💾 Not posted: 10, posted: 118
INFO:✅ Updated JSON file saved.
INFO:
***** ***** ***** 2025-11-13 18:22:38 ***** ***** *****
INFO:💾 Not posted: 10, posted: 118
INFO:✅ Updated JSON file saved.
INFO:
***** ***** ***** 2025-11-14 18:22:34 ***** ***** *****
INFO:💾 Not posted: 10, posted: 118
INFO:✅ Updated JSON file saved.
INFO:
***** ***** ***** 2025-11-15 18:19:43 ***** ***** *****
INFO:💾 Not posted: 10, posted: 118
INFO:✅ Updated JSON file saved.
INFO:
***** ***** ***** 2025-11-16 18:20:17 ***** ***** *****
INFO:💾 Not posted: 10, posted: 118
INFO:✅ Updated JSON file saved.
INFO:
***** ***** ***** 2025-11-17 18:22:55 ***** ***** *****
INFO:Downloading image from Cloud..
INFO:✅ Image uploaded successfully.
INFO:Tweet posted: 🧳 Nota sobre el 'Puenting', o salto al vacío, en el diario El Clarín Nacional.
📅 Publicado el 30 de septiembre de 1991
🏷️    Fuente: Biblioteca Nacional de Panamá
 #Hemeroteca
INFO:Temporary image file removed.
INFO:💾 Not posted: 9, posted: 119
INFO:✅ Updated JSON file saved.
INFO:
***** ***** ***** 2025-11-18 18:23:36 ***** ***** *****
INFO:Downloading image from Cloud..
INFO:✅ Image uploaded successfully.
INFO:Tweet posted: 🎞️ Anuncio del restaurante bar Le Rendez-Vouz, de comida haitiana. Ciudad de Colón.
⌛️ Publicado el 30 de septiembre de 1991
🗃️    Fuente: Biblioteca Nacional de Panamá
 #CulturaPanameña
INFO:Temporary image file removed.
INFO:💾 Not posted: 8, posted: 120
INFO:✅ Updated JSON file saved.
INFO:
***** ***** ***** 2025-11-19 18:23:03 ***** ***** *****
INFO:Downloading image from Cloud..
INFO:✅ Image uploaded successfully.
INFO:Tweet posted: 📰 Anuncio de la caja de ahorros con motivos del horóscopo.
🗓️ Publicado el 16 de enero de 1973
🗃️    Fuente: Biblioteca Nacional de Panamá

INFO:Temporary image file removed.
INFO:💾 Not posted: 7, posted: 121
INFO:✅ Updated JSON file saved.
INFO:
***** ***** ***** 2025-11-20 18:23:07 ***** ***** *****
INFO:Downloading image from Cloud..
INFO:✅ Image uploaded successfully.
INFO:Tweet posted: 📸 Nota sobre el inicio del juicio a el General Noriega.
🕰️ Publicado el 30 de septiembre de 1991
⛲️    Fuente: Biblioteca Nacional de Panamá
 #HistoriaViva
INFO:Temporary image file removed.
INFO:💾 Not posted: 6, posted: 122
INFO:✅ Updated JSON file saved.
INFO:
***** ***** ***** 2025-11-21 18:21:26 ***** ***** *****
INFO:💾 Not posted: 6, posted: 122
INFO:✅ Updated JSON file saved.
INFO:
***** ***** ***** 2025-11-22 18:20:35 ***** ***** *****
INFO:Downloading image from Cloud..
INFO:✅ Image uploaded successfully.
INFO:Tweet posted: 🧳 Nota sobre el mal de la 'Pantallitis aguda' que sufren algunos políticos panameños, en relación a su constante presencia en la televisión.
⌛️ Publicado el 30 de septiembre de 1991
🖋️    Fuente: Biblioteca Nacional de Panamá

INFO:Temporary image file removed.
INFO:💾 Not posted: 5, posted: 123
INFO:✅ Updated JSON file saved.
INFO:
***** ***** ***** 2025-11-23 18:21:01 ***** ***** *****
INFO:💾 Not posted: 5, posted: 123
INFO:✅ Updated JSON file saved.
INFO:
***** ***** ***** 2025-11-24 18:24:22 ***** ***** *****
INFO:💾 Not posted: 5, posted: 123
INFO:✅ Updated JSON file saved.
INFO:
***** ***** ***** 2025-11-25 18:24:45 ***** ***** *****
INFO:💾 Not posted: 5, posted: 123
INFO:✅ Updated JSON file saved.
INFO:
***** ***** ***** 2025-11-26 18:19:48 ***** ***** *****
INFO:💾 Not posted: 5, posted: 123
INFO:✅ Updated JSON file saved.
INFO:
***** ***** ***** 2025-11-27 18:21:43 ***** ***** *****
INFO:💾 Not posted: 5, posted: 123
INFO:✅ Updated JSON file saved.
INFO:
***** ***** ***** 2025-11-28 18:22:09 ***** ***** *****
INFO:💾 Not posted: 5, posted: 123
INFO:✅ Updated JSON file saved.
INFO:
***** ***** ***** 2025-11-29 18:21:08 ***** ***** *****
INFO:💾 Not posted: 5, posted: 123
INFO:✅ Updated JSON file saved.
INFO:
***** ***** ***** 2025-11-30 18:21:07 ***** ***** *****
INFO:💾 Not posted: 5, posted: 123
INFO:✅ Updated JSON file saved.
INFO:
***** ***** ***** 2025-12-01 18:26:30 ***** ***** *****
INFO:💾 Not posted: 5, posted: 123
INFO:✅ Updated JSON file saved.
INFO:
***** ***** ***** 2025-12-02 18:26:10 ***** ***** *****
INFO:💾 Not posted: 5, posted: 123
INFO:✅ Updated JSON file saved.
INFO:
***** ***** ***** 2025-12-03 18:25:46 ***** ***** *****
INFO:💾 Not posted: 5, posted: 123
INFO:✅ Updated JSON file saved.
INFO:
***** ***** ***** 2025-12-04 18:26:27 ***** ***** *****
INFO:💾 Not posted: 5, posted: 123
INFO:✅ Updated JSON file saved.
INFO:
***** ***** ***** 2025-12-05 18:21:33 ***** ***** *****
INFO:💾 Not posted: 5, posted: 123
INFO:✅ Updated JSON file saved.
INFO:
***** ***** ***** 2025-12-06 18:21:01 ***** ***** *****
INFO:💾 Not posted: 5, posted: 123
INFO:✅ Updated JSON file saved.
INFO:
***** ***** ***** 2025-12-07 18:21:05 ***** ***** *****
INFO:💾 Not posted: 5, posted: 123
INFO:✅ Updated JSON file saved.
INFO:
***** ***** ***** 2025-12-08 18:25:12 ***** ***** *****
INFO:💾 Not posted: 5, posted: 123
INFO:✅ Updated JSON file saved.
INFO:
***** ***** ***** 2025-12-09 18:21:26 ***** ***** *****
INFO:💾 Not posted: 5, posted: 123
INFO:✅ Updated JSON file saved.
INFO:
***** ***** ***** 2025-12-10 18:25:01 ***** ***** *****
INFO:💾 Not posted: 5, posted: 123
INFO:✅ Updated JSON file saved.
INFO:
***** ***** ***** 2025-12-11 18:24:13 ***** ***** *****
INFO:💾 Not posted: 5, posted: 123
INFO:✅ Updated JSON file saved.
INFO:
***** ***** ***** 2025-12-12 18:25:43 ***** ***** *****
INFO:💾 Not posted: 5, posted: 123
INFO:✅ Updated JSON file saved.
INFO:
***** ***** ***** 2025-12-13 18:21:02 ***** ***** *****
INFO:💾 Not posted: 5, posted: 123
INFO:✅ Updated JSON file saved.
INFO:
***** ***** ***** 2025-12-14 18:22:23 ***** ***** *****
INFO:💾 Not posted: 5, posted: 123
INFO:✅ Updated JSON file saved.
INFO:
***** ***** ***** 2025-12-15 18:25:51 ***** ***** *****
INFO:💾 Not posted: 5, posted: 123
INFO:✅ Updated JSON file saved.
INFO:
***** ***** ***** 2025-12-16 18:25:50 ***** ***** *****
INFO:💾 Not posted: 5, posted: 123
INFO:✅ Updated JSON file saved.
INFO:
***** ***** ***** 2025-12-17 18:26:29 ***** ***** *****
INFO:💾 Not posted: 5, posted: 123
INFO:✅ Updated JSON file saved.
INFO:
***** ***** ***** 2025-12-18 18:25:15 ***** ***** *****
INFO:💾 Not posted: 5, posted: 123
INFO:✅ Updated JSON file saved.
INFO:
***** ***** ***** 2025-12-19 18:24:04 ***** ***** *****
INFO:💾 Not posted: 5, posted: 123
INFO:✅ Updated JSON file saved.
INFO:
***** ***** ***** 2025-12-20 18:20:55 ***** ***** *****
INFO:💾 Not posted: 5, posted: 123
INFO:✅ Updated JSON file saved.
INFO:
***** ***** ***** 2025-12-21 18:22:12 ***** ***** *****
INFO:💾 Not posted: 5, posted: 123
INFO:✅ Updated JSON file saved.
INFO:
***** ***** ***** 2025-12-22 18:25:23 ***** ***** *****
INFO:💾 Not posted: 5, posted: 123
INFO:✅ Updated JSON file saved.
INFO:
***** ***** ***** 2025-12-23 18:24:52 ***** ***** *****
INFO:💾 Not posted: 5, posted: 123
INFO:✅ Updated JSON file saved.
INFO:
***** ***** ***** 2025-12-24 18:24:04 ***** ***** *****
INFO:💾 Not posted: 5, posted: 123
INFO:✅ Updated JSON file saved.
INFO:
***** ***** ***** 2025-12-25 18:23:52 ***** ***** *****
INFO:💾 Not posted: 5, posted: 123
INFO:✅ Updated JSON file saved.
INFO:
***** ***** ***** 2025-12-26 18:23:44 ***** ***** *****
INFO:💾 Not posted: 5, posted: 123
INFO:✅ Updated JSON file saved.
INFO:
***** ***** ***** 2025-12-27 18:22:38 ***** ***** *****
INFO:💾 Not posted: 5, posted: 123
INFO:✅ Updated JSON file saved.
INFO:
***** ***** ***** 2025-12-28 18:23:28 ***** ***** *****
INFO:💾 Not posted: 5, posted: 123
INFO:✅ Updated JSON file saved.
INFO:
***** ***** ***** 2025-12-29 18:24:51 ***** ***** *****
INFO:💾 Not posted: 5, posted: 123
INFO:✅ Updated JSON file saved.
INFO:
***** ***** ***** 2025-12-30 18:24:54 ***** ***** *****
INFO:💾 Not posted: 5, posted: 123
INFO:✅ Updated JSON file saved.
INFO:
***** ***** ***** 2025-12-31 18:23:48 ***** ***** *****
INFO:💾 Not posted: 5, posted: 123
INFO:✅ Updated JSON file saved.
INFO:
***** ***** ***** 2026-01-01 18:24:02 ***** ***** *****
INFO:💾 Not posted: 5, posted: 123
INFO:✅ Updated JSON file saved.
INFO:
***** ***** ***** 2026-01-02 18:23:53 ***** ***** *****
INFO:💾 Not posted: 5, posted: 123
INFO:✅ Updated JSON file saved.
INFO:
***** ***** ***** 2026-01-03 18:22:57 ***** ***** *****
INFO:💾 Not posted: 5, posted: 123
INFO:✅ Updated JSON file saved.
INFO:
***** ***** ***** 2026-01-04 18:23:24 ***** ***** *****
INFO:💾 Not posted: 5, posted: 123
INFO:✅ Updated JSON file saved.
INFO:
***** ***** ***** 2026-01-05 18:26:55 ***** ***** *****
INFO:💾 Not posted: 5, posted: 123
INFO:✅ Updated JSON file saved.
INFO:
***** ***** ***** 2026-01-06 18:24:53 ***** ***** *****
INFO:💾 Not posted: 5, posted: 123
INFO:✅ Updated JSON file saved.
INFO:
***** ***** ***** 2026-01-07 18:26:21 ***** ***** *****
INFO:💾 Not posted: 5, posted: 123
INFO:✅ Updated JSON file saved.
INFO:
***** ***** ***** 2026-01-08 18:22:27 ***** ***** *****
INFO:💾 Not posted: 5, posted: 123
INFO:✅ Updated JSON file saved.
INFO:
***** ***** ***** 2026-01-09 18:26:21 ***** ***** *****
INFO:💾 Not posted: 5, posted: 123
INFO:✅ Updated JSON file saved.
INFO:
***** ***** ***** 2026-01-10 18:23:28 ***** ***** *****
INFO:💾 Not posted: 5, posted: 123
INFO:✅ Updated JSON file saved.
INFO:
***** ***** ***** 2026-01-11 18:23:14 ***** ***** *****
INFO:💾 Not posted: 5, posted: 123
INFO:✅ Updated JSON file saved.
INFO:
***** ***** ***** 2026-01-12 18:27:07 ***** ***** *****
INFO:💾 Not posted: 5, posted: 123
INFO:✅ Updated JSON file saved.
INFO:
***** ***** ***** 2026-01-13 18:26:10 ***** ***** *****
INFO:💾 Not posted: 5, posted: 123
INFO:✅ Updated JSON file saved.
INFO:
***** ***** ***** 2026-01-14 18:27:29 ***** ***** *****
INFO:💾 Not posted: 5, posted: 123
INFO:✅ Updated JSON file saved.
INFO:
***** ***** ***** 2026-01-15 18:30:39 ***** ***** *****
INFO:💾 Not posted: 5, posted: 123
INFO:✅ Updated JSON file saved.
INFO:
***** ***** ***** 2026-01-16 18:26:23 ***** ***** *****
INFO:💾 Not posted: 5, posted: 123
INFO:✅ Updated JSON file saved.
INFO:
***** ***** ***** 2026-01-17 18:22:51 ***** ***** *****
INFO:💾 Not posted: 5, posted: 123
INFO:✅ Updated JSON file saved.
INFO:
***** ***** ***** 2026-01-18 18:22:08 ***** ***** *****
INFO:💾 Not posted: 5, posted: 123
INFO:✅ Updated JSON file saved.
INFO:
***** ***** ***** 2026-01-19 18:26:08 ***** ***** *****
INFO:💾 Not posted: 5, posted: 123
INFO:✅ Updated JSON file saved.
INFO:
***** ***** ***** 2026-01-20 18:29:31 ***** ***** *****
INFO:💾 Not posted: 5, posted: 123
INFO:✅ Updated JSON file saved.
INFO:
***** ***** ***** 2026-01-21 18:36:20 ***** ***** *****
INFO:💾 Not posted: 5, posted: 123
INFO:✅ Updated JSON file saved.
INFO:
***** ***** ***** 2026-01-22 18:26:34 ***** ***** *****
INFO:💾 Not posted: 5, posted: 123
INFO:✅ Updated JSON file saved.
INFO:
***** ***** ***** 2026-01-23 18:27:09 ***** ***** *****
INFO:💾 Not posted: 5, posted: 123
INFO:✅ Updated JSON file saved.
INFO:
***** ***** ***** 2026-01-24 18:23:52 ***** ***** *****
INFO:💾 Not posted: 5, posted: 123
INFO:✅ Updated JSON file saved.
INFO:
***** ***** ***** 2026-01-25 18:23:46 ***** ***** *****
INFO:💾 Not posted: 5, posted: 123
INFO:✅ Updated JSON file saved.
INFO:
***** ***** ***** 2026-01-26 18:28:49 ***** ***** *****
INFO:💾 Not posted: 5, posted: 123
INFO:✅ Updated JSON file saved.
INFO:
***** ***** ***** 2026-01-27 18:32:07 ***** ***** *****
INFO:💾 Not posted: 5, posted: 123
INFO:✅ Updated JSON file saved.
INFO:
***** ***** ***** 2026-01-28 18:31:33 ***** ***** *****
INFO:💾 Not posted: 5, posted: 123
INFO:✅ Updated JSON file saved.
INFO:
***** ***** ***** 2026-01-29 18:37:46 ***** ***** *****
INFO:💾 Not posted: 5, posted: 123
INFO:✅ Updated JSON file saved.
INFO:
***** ***** ***** 2026-01-30 18:35:20 ***** ***** *****
INFO:💾 Not posted: 5, posted: 123
INFO:✅ Updated JSON file saved.
INFO:
***** ***** ***** 2026-01-31 18:25:41 ***** ***** *****
INFO:💾 Not posted: 5, posted: 123
INFO:✅ Updated JSON file saved.
INFO:
***** ***** ***** 2026-02-01 18:28:00 ***** ***** *****
INFO:💾 Not posted: 5, posted: 123
INFO:✅ Updated JSON file saved.
INFO:
***** ***** ***** 2026-02-02 18:36:37 ***** ***** *****
INFO:💾 Not posted: 5, posted: 123
INFO:✅ Updated JSON file saved.
INFO:
***** ***** ***** 2026-02-03 18:50:43 ***** ***** *****
INFO:💾 Not posted: 5, posted: 123
INFO:✅ Updated JSON file saved.
INFO:
***** ***** ***** 2026-02-04 18:41:45 ***** ***** *****
INFO:💾 Not posted: 5, posted: 123
INFO:✅ Updated JSON file saved.
INFO:
***** ***** ***** 2026-02-05 18:41:32 ***** ***** *****
INFO:💾 Not posted: 5, posted: 123
INFO:✅ Updated JSON file saved.
INFO:
***** ***** ***** 2026-02-06 18:42:18 ***** ***** *****
INFO:💾 Not posted: 5, posted: 123
INFO:✅ Updated JSON file saved.
INFO:
***** ***** ***** 2026-02-07 18:28:38 ***** ***** *****
INFO:💾 Not posted: 5, posted: 123
INFO:✅ Updated JSON file saved.
INFO:
***** ***** ***** 2026-02-08 18:29:31 ***** ***** *****
INFO:💾 Not posted: 5, posted: 123
INFO:✅ Updated JSON file saved.
INFO:
***** ***** ***** 2026-02-10 20:07:46 ***** ***** *****
INFO:💾 Not posted: 5, posted: 123
INFO:✅ Updated JSON file saved.
INFO:
***** ***** ***** 2026-02-11 18:56:17 ***** ***** *****
INFO:💾 Not posted: 5, posted: 123
INFO:✅ Updated JSON file saved.
INFO:
***** ***** ***** 2026-02-12 18:56:50 ***** ***** *****
INFO:💾 Not posted: 5, posted: 123
INFO:✅ Updated JSON file saved.
INFO:
***** ***** ***** 2026-02-13 18:40:53 ***** ***** *****
INFO:💾 Not posted: 5, posted: 123
INFO:✅ Updated JSON file saved.
INFO:
***** ***** ***** 2026-02-14 18:27:50 ***** ***** *****
INFO:💾 Not posted: 5, posted: 123
INFO:✅ Updated JSON file saved.
INFO:
***** ***** ***** 2026-02-15 18:29:19 ***** ***** *****
INFO:💾 Not posted: 5, posted: 123
INFO:✅ Updated JSON file saved.
INFO:
***** ***** ***** 2026-02-16 18:37:04 ***** ***** *****
INFO:💾 Not posted: 5, posted: 123
INFO:✅ Updated JSON file saved.
INFO:
***** ***** ***** 2026-02-17 18:51:50 ***** ***** *****
INFO:💾 Not posted: 5, posted: 123
INFO:✅ Updated JSON file saved.
INFO:
***** ***** ***** 2026-02-18 18:47:14 ***** ***** *****
INFO:💾 Not posted: 5, posted: 123
INFO:✅ Updated JSON file saved.
INFO:
***** ***** ***** 2026-02-19 18:43:55 ***** ***** *****
INFO:💾 Not posted: 5, posted: 123
INFO:✅ Updated JSON file saved.
INFO:
***** ***** ***** 2026-02-20 18:39:41 ***** ***** *****
INFO:💾 Not posted: 5, posted: 123
INFO:✅ Updated JSON file saved.
INFO:
***** ***** ***** 2026-02-21 18:28:30 ***** ***** *****
INFO:💾 Not posted: 5, posted: 123
INFO:✅ Updated JSON file saved.
INFO:
***** ***** ***** 2026-02-22 18:29:27 ***** ***** *****
INFO:💾 Not posted: 5, posted: 123
INFO:✅ Updated JSON file saved.
INFO:
***** ***** ***** 2026-02-23 18:56:25 ***** ***** *****
INFO:💾 Not posted: 5, posted: 123
INFO:✅ Updated JSON file saved.
INFO:
***** ***** ***** 2026-02-24 18:55:29 ***** ***** *****
INFO:💾 Not posted: 5, posted: 123
INFO:✅ Updated JSON file saved.
INFO:
***** ***** ***** 2026-02-25 18:59:27 ***** ***** *****
INFO:💾 Not posted: 5, posted: 123
INFO:✅ Updated JSON file saved.
INFO:
***** ***** ***** 2026-02-26 18:46:06 ***** ***** *****
INFO:💾 Not posted: 5, posted: 123
INFO:✅ Updated JSON file saved.
INFO:
***** ***** ***** 2026-02-27 18:35:39 ***** ***** *****
INFO:💾 Not posted: 5, posted: 123
INFO:✅ Updated JSON file saved.
INFO:
***** ***** ***** 2026-02-28 18:26:48 ***** ***** *****
INFO:💾 Not posted: 5, posted: 123
INFO:✅ Updated JSON file saved.
INFO:
***** ***** ***** 2026-03-01 18:27:08 ***** ***** *****
INFO:💾 Not posted: 5, posted: 123
INFO:✅ Updated JSON file saved.
INFO:
***** ***** ***** 2026-03-02 18:39:39 ***** ***** *****
INFO:💾 Not posted: 5, posted: 123
INFO:✅ Updated JSON file saved.
INFO:
***** ***** ***** 2026-03-03 18:40:48 ***** ***** *****
INFO:💾 Not posted: 5, posted: 123
INFO:✅ Updated JSON file saved.
INFO:
***** ***** ***** 2026-03-04 18:41:11 ***** ***** *****
INFO:💾 Not posted: 5, posted: 123
INFO:✅ Updated JSON file saved.
INFO:
***** ***** ***** 2026-03-05 19:12:45 ***** ***** *****
INFO:💾 Not posted: 5, posted: 123
INFO:✅ Updated JSON file saved.
INFO:
***** ***** ***** 2026-03-06 18:37:24 ***** ***** *****
INFO:💾 Not posted: 5, posted: 123
INFO:✅ Updated JSON file saved.
INFO:
***** ***** ***** 2026-03-07 18:27:19 ***** ***** *****
INFO:💾 Not posted: 5, posted: 123
INFO:✅ Updated JSON file saved.
INFO:
***** ***** ***** 2026-03-08 18:27:43 ***** ***** *****
INFO:💾 Not posted: 5, posted: 123
INFO:✅ Updated JSON file saved.
2026-03-09 13:22:28,750 - INFO - 
***** ***** ***** 2026-03-09 13:22:28 ***** ***** *****
2026-03-09 13:24:15,190 - INFO - 
***** ***** ***** 2026-03-09 13:24:15 ***** ***** *****
2026-03-09 13:24:18,818 - INFO - 💾 Not posted: 128, posted: 0
2026-03-09 13:24:18,821 - INFO - ✅ Updated JSON file saved.
2026-03-09 13:24:46,361 - INFO - --- INICIANDO PROCESO HEMEROTECA ---
2026-03-09 13:24:46,363 - INFO - Intentando publicar item ID: 010-2025
2026-03-09 13:24:52,217 - ERROR - 💥 Fallo crítico: 503 Service Unavailable
Service Unavailable
Traceback (most recent call last):
  File "/Users/ericlucero/Documents/Academic/Python_Fun/Random_projcts/Bot/scheduled_twitter_bot.py", line 141, in post_from_hemeroteca
    client_v2.create_tweet(text=texto_final, media_ids=[media.media_id])
    ~~~~~~~~~~~~~~~~~~~~~~^^^^^^^^^^^^^^^^^^^^^^^^^^^^^^^^^^^^^^^^^^^^^^
  File "/Users/ericlucero/.local/share/virtualenvs/Random_projcts-gdSHAIY_/lib/python3.13/site-packages/tweepy/client.py", line 845, in create_tweet
    return self._make_request(
           ~~~~~~~~~~~~~~~~~~^
        "POST", f"/2/tweets", json=json, user_auth=user_auth
        ^^^^^^^^^^^^^^^^^^^^^^^^^^^^^^^^^^^^^^^^^^^^^^^^^^^^
    )
    ^
  File "/Users/ericlucero/.local/share/virtualenvs/Random_projcts-gdSHAIY_/lib/python3.13/site-packages/tweepy/client.py", line 129, in _make_request
    response = self.request(method, route, params=request_params,
                            json=json, user_auth=user_auth)
  File "/Users/ericlucero/.local/share/virtualenvs/Random_projcts-gdSHAIY_/lib/python3.13/site-packages/tweepy/client.py", line 117, in request
    raise TwitterServerError(response)
tweepy.errors.TwitterServerError: 503 Service Unavailable
Service Unavailable
2026-03-09 13:24:52,228 - INFO - --- PROCESO FINALIZADO ---
2026-03-09 13:25:40,043 - INFO - --- INICIANDO PROCESO HEMEROTECA ---
2026-03-09 13:25:40,047 - INFO - Intentando publicar item ID: 010-2025
2026-03-09 13:25:43,279 - ERROR - 💥 Fallo crítico: 503 Service Unavailable
Service Unavailable
Traceback (most recent call last):
  File "/Users/ericlucero/Documents/Academic/Python_Fun/Random_projcts/Bot/aaa_testing", line 141, in post_from_hemeroteca
    client_v2.create_tweet(text=texto_final, media_ids=[media.media_id])
    ~~~~~~~~~~~~~~~~~~~~~~^^^^^^^^^^^^^^^^^^^^^^^^^^^^^^^^^^^^^^^^^^^^^^
  File "/Users/ericlucero/.local/share/virtualenvs/Random_projcts-gdSHAIY_/lib/python3.13/site-packages/tweepy/client.py", line 845, in create_tweet
    return self._make_request(
           ~~~~~~~~~~~~~~~~~~^
        "POST", f"/2/tweets", json=json, user_auth=user_auth
        ^^^^^^^^^^^^^^^^^^^^^^^^^^^^^^^^^^^^^^^^^^^^^^^^^^^^
    )
    ^
  File "/Users/ericlucero/.local/share/virtualenvs/Random_projcts-gdSHAIY_/lib/python3.13/site-packages/tweepy/client.py", line 129, in _make_request
    response = self.request(method, route, params=request_params,
                            json=json, user_auth=user_auth)
  File "/Users/ericlucero/.local/share/virtualenvs/Random_projcts-gdSHAIY_/lib/python3.13/site-packages/tweepy/client.py", line 117, in request
    raise TwitterServerError(response)
tweepy.errors.TwitterServerError: 503 Service Unavailable
Service Unavailable
2026-03-09 13:25:43,283 - INFO - --- PROCESO FINALIZADO ---
2026-03-09 13:26:55,112 - INFO - --- INICIANDO PROCESO HEMEROTECA ---
2026-03-09 13:26:55,115 - INFO - Intentando publicar item ID: 010-2025
2026-03-09 13:26:57,829 - ERROR - 💥 Fallo crítico: 503 Service Unavailable
Service Unavailable
Traceback (most recent call last):
  File "/Users/ericlucero/Documents/Academic/Python_Fun/Random_projcts/Bot/scheduled_twitter_bot.py", line 141, in post_from_hemeroteca
    client_v2.create_tweet(text=texto_final, media_ids=[media.media_id])
    ~~~~~~~~~~~~~~~~~~~~~~^^^^^^^^^^^^^^^^^^^^^^^^^^^^^^^^^^^^^^^^^^^^^^
  File "/Users/ericlucero/.local/share/virtualenvs/Random_projcts-gdSHAIY_/lib/python3.13/site-packages/tweepy/client.py", line 845, in create_tweet
    return self._make_request(
           ~~~~~~~~~~~~~~~~~~^
        "POST", f"/2/tweets", json=json, user_auth=user_auth
        ^^^^^^^^^^^^^^^^^^^^^^^^^^^^^^^^^^^^^^^^^^^^^^^^^^^^
    )
    ^
  File "/Users/ericlucero/.local/share/virtualenvs/Random_projcts-gdSHAIY_/lib/python3.13/site-packages/tweepy/client.py", line 129, in _make_request
    response = self.request(method, route, params=request_params,
                            json=json, user_auth=user_auth)
  File "/Users/ericlucero/.local/share/virtualenvs/Random_projcts-gdSHAIY_/lib/python3.13/site-packages/tweepy/client.py", line 117, in request
    raise TwitterServerError(response)
tweepy.errors.TwitterServerError: 503 Service Unavailable
Service Unavailable
2026-03-09 13:26:57,833 - INFO - --- PROCESO FINALIZADO ---
2026-03-09 13:27:09,652 - INFO - --- INICIANDO PROCESO HEMEROTECA ---
2026-03-09 13:27:09,654 - INFO - Intentando publicar item ID: 010-2025
2026-03-09 13:27:11,495 - ERROR - 💥 Fallo crítico: 503 Service Unavailable
Service Unavailable
Traceback (most recent call last):
  File "/Users/ericlucero/Documents/Academic/Python_Fun/Random_projcts/Bot/scheduled_twitter_bot.py", line 141, in post_from_hemeroteca
    client_v2.create_tweet(text=texto_final, media_ids=[media.media_id])
    ~~~~~~~~~~~~~~~~~~~~~~^^^^^^^^^^^^^^^^^^^^^^^^^^^^^^^^^^^^^^^^^^^^^^
  File "/Users/ericlucero/.local/share/virtualenvs/Random_projcts-gdSHAIY_/lib/python3.13/site-packages/tweepy/client.py", line 845, in create_tweet
    return self._make_request(
           ~~~~~~~~~~~~~~~~~~^
        "POST", f"/2/tweets", json=json, user_auth=user_auth
        ^^^^^^^^^^^^^^^^^^^^^^^^^^^^^^^^^^^^^^^^^^^^^^^^^^^^
    )
    ^
  File "/Users/ericlucero/.local/share/virtualenvs/Random_projcts-gdSHAIY_/lib/python3.13/site-packages/tweepy/client.py", line 129, in _make_request
    response = self.request(method, route, params=request_params,
                            json=json, user_auth=user_auth)
  File "/Users/ericlucero/.local/share/virtualenvs/Random_projcts-gdSHAIY_/lib/python3.13/site-packages/tweepy/client.py", line 117, in request
    raise TwitterServerError(response)
tweepy.errors.TwitterServerError: 503 Service Unavailable
Service Unavailable
2026-03-09 13:27:11,503 - INFO - --- PROCESO FINALIZADO ---
2026-03-09 13:27:57,389 - INFO - --- INICIANDO PROCESO HEMEROTECA ---
2026-03-09 13:27:57,391 - INFO - Intentando publicar item ID: 010-2025
2026-03-09 13:27:59,420 - ERROR - 💥 Fallo crítico: 503 Service Unavailable
Service Unavailable
Traceback (most recent call last):
  File "/Users/ericlucero/Documents/Academic/Python_Fun/Random_projcts/Bot/scheduled_twitter_bot.py", line 141, in post_from_hemeroteca
    client_v2.create_tweet(text=texto_final, media_ids=[media.media_id])
    ~~~~~~~~~~~~~~~~~~~~~~^^^^^^^^^^^^^^^^^^^^^^^^^^^^^^^^^^^^^^^^^^^^^^
  File "/Users/ericlucero/.local/share/virtualenvs/Random_projcts-gdSHAIY_/lib/python3.13/site-packages/tweepy/client.py", line 845, in create_tweet
    return self._make_request(
           ~~~~~~~~~~~~~~~~~~^
        "POST", f"/2/tweets", json=json, user_auth=user_auth
        ^^^^^^^^^^^^^^^^^^^^^^^^^^^^^^^^^^^^^^^^^^^^^^^^^^^^
    )
    ^
  File "/Users/ericlucero/.local/share/virtualenvs/Random_projcts-gdSHAIY_/lib/python3.13/site-packages/tweepy/client.py", line 129, in _make_request
    response = self.request(method, route, params=request_params,
                            json=json, user_auth=user_auth)
  File "/Users/ericlucero/.local/share/virtualenvs/Random_projcts-gdSHAIY_/lib/python3.13/site-packages/tweepy/client.py", line 117, in request
    raise TwitterServerError(response)
tweepy.errors.TwitterServerError: 503 Service Unavailable
Service Unavailable
2026-03-09 13:27:59,428 - INFO - --- PROCESO FINALIZADO ---
2026-03-09 13:32:20,822 - INFO - --- INICIANDO PROCESO HEMEROTECA ---
2026-03-09 13:32:20,825 - INFO - Intentando publicar item ID: 010-2025
2026-03-09 13:32:22,862 - ERROR - 💥 Fallo crítico: 503 Service Unavailable
Service Unavailable
Traceback (most recent call last):
  File "/Users/ericlucero/Documents/Academic/Python_Fun/Random_projcts/Bot/scheduled_twitter_bot.py", line 141, in post_from_hemeroteca
    client_v2.create_tweet(text=texto_final, media_ids=[media.media_id])
    ~~~~~~~~~~~~~~~~~~~~~~^^^^^^^^^^^^^^^^^^^^^^^^^^^^^^^^^^^^^^^^^^^^^^
  File "/Users/ericlucero/.local/share/virtualenvs/Random_projcts-gdSHAIY_/lib/python3.13/site-packages/tweepy/client.py", line 845, in create_tweet
    return self._make_request(
           ~~~~~~~~~~~~~~~~~~^
        "POST", f"/2/tweets", json=json, user_auth=user_auth
        ^^^^^^^^^^^^^^^^^^^^^^^^^^^^^^^^^^^^^^^^^^^^^^^^^^^^
    )
    ^
  File "/Users/ericlucero/.local/share/virtualenvs/Random_projcts-gdSHAIY_/lib/python3.13/site-packages/tweepy/client.py", line 129, in _make_request
    response = self.request(method, route, params=request_params,
                            json=json, user_auth=user_auth)
  File "/Users/ericlucero/.local/share/virtualenvs/Random_projcts-gdSHAIY_/lib/python3.13/site-packages/tweepy/client.py", line 117, in request
    raise TwitterServerError(response)
tweepy.errors.TwitterServerError: 503 Service Unavailable
Service Unavailable
2026-03-09 13:32:22,871 - INFO - --- PROCESO FINALIZADO ---
2026-03-09 13:32:26,427 - INFO - --- INICIANDO PROCESO HEMEROTECA ---
2026-03-09 13:32:26,429 - INFO - Intentando publicar item ID: 010-2025
2026-03-09 13:32:28,512 - ERROR - 💥 Fallo crítico: 503 Service Unavailable
Service Unavailable
Traceback (most recent call last):
  File "/Users/ericlucero/Documents/Academic/Python_Fun/Random_projcts/Bot/scheduled_twitter_bot.py", line 141, in post_from_hemeroteca
    client_v2.create_tweet(text=texto_final, media_ids=[media.media_id])
    ~~~~~~~~~~~~~~~~~~~~~~^^^^^^^^^^^^^^^^^^^^^^^^^^^^^^^^^^^^^^^^^^^^^^
  File "/Users/ericlucero/.local/share/virtualenvs/Random_projcts-gdSHAIY_/lib/python3.13/site-packages/tweepy/client.py", line 845, in create_tweet
    return self._make_request(
           ~~~~~~~~~~~~~~~~~~^
        "POST", f"/2/tweets", json=json, user_auth=user_auth
        ^^^^^^^^^^^^^^^^^^^^^^^^^^^^^^^^^^^^^^^^^^^^^^^^^^^^
    )
    ^
  File "/Users/ericlucero/.local/share/virtualenvs/Random_projcts-gdSHAIY_/lib/python3.13/site-packages/tweepy/client.py", line 129, in _make_request
    response = self.request(method, route, params=request_params,
                            json=json, user_auth=user_auth)
  File "/Users/ericlucero/.local/share/virtualenvs/Random_projcts-gdSHAIY_/lib/python3.13/site-packages/tweepy/client.py", line 117, in request
    raise TwitterServerError(response)
tweepy.errors.TwitterServerError: 503 Service Unavailable
Service Unavailable
2026-03-09 13:32:28,515 - INFO - --- PROCESO FINALIZADO ---
